<?xml version="1.0" encoding="UTF-8"?>
<testng-results ignored="0" total="1" passed="1" failed="0" skipped="0">
  <reporter-output>
  </reporter-output>
  <suite started-at="2023-07-20T23:33:47 EDT" name="Suite" finished-at="2023-07-20T23:34:34 EDT" duration-ms="47226">
    <groups>
    </groups>
    <test started-at="2023-07-20T23:33:47 EDT" name="Test" finished-at="2023-07-20T23:34:34 EDT" duration-ms="47226">
      <class name="testcases.TestCase1">
        <test-method is-config="true" signature="beforeSuite()[pri:0, instance:testcases.TestCase1@4d14b6c2]" started-at="2023-07-20T23:33:47 EDT" name="beforeSuite" finished-at="2023-07-20T23:33:47 EDT" duration-ms="220" status="PASS">
          <reporter-output>
          </reporter-output>
        </test-method> <!-- beforeSuite -->
        <test-method is-config="true" signature="beforeTest()[pri:0, instance:testcases.TestCase1@4d14b6c2]" started-at="2023-07-20T23:33:47 EDT" name="beforeTest" finished-at="2023-07-20T23:33:47 EDT" duration-ms="1" status="PASS">
          <reporter-output>
          </reporter-output>
        </test-method> <!-- beforeTest -->
        <test-method is-config="true" signature="setData()[pri:0, instance:testcases.TestCase1@4d14b6c2]" started-at="2023-07-20T23:33:47 EDT" name="setData" finished-at="2023-07-20T23:33:47 EDT" duration-ms="0" status="PASS">
          <reporter-output>
          </reporter-output>
        </test-method> <!-- setData -->
        <test-method is-config="true" signature="beforeMethod()[pri:0, instance:testcases.TestCase1@4d14b6c2]" started-at="2023-07-20T23:33:47 EDT" name="beforeMethod" finished-at="2023-07-20T23:33:51 EDT" duration-ms="4031" status="PASS">
          <reporter-output>
          </reporter-output>
        </test-method> <!-- beforeMethod -->
        <test-method signature="testCase()[pri:0, instance:testcases.TestCase1@4d14b6c2]" started-at="2023-07-20T23:33:51 EDT" name="testCase" finished-at="2023-07-20T23:34:34 EDT" duration-ms="42889" status="PASS">
          <reporter-output>
          </reporter-output>
        </test-method> <!-- testCase -->
        <test-method is-config="true" signature="afterMethod()[pri:0, instance:testcases.TestCase1@4d14b6c2]" started-at="2023-07-20T23:34:34 EDT" name="afterMethod" finished-at="2023-07-20T23:34:34 EDT" duration-ms="264" status="PASS">
          <reporter-output>
          </reporter-output>
        </test-method> <!-- afterMethod -->
        <test-method is-config="true" signature="afterTest()[pri:0, instance:testcases.TestCase1@4d14b6c2]" started-at="2023-07-20T23:34:34 EDT" name="afterTest" finished-at="2023-07-20T23:34:34 EDT" duration-ms="15" status="PASS">
          <reporter-output>
          </reporter-output>
        </test-method> <!-- afterTest -->
        <test-method is-config="true" signature="afterSuite()[pri:0, instance:testcases.TestCase1@4d14b6c2]" started-at="2023-07-20T23:34:34 EDT" name="afterSuite" finished-at="2023-07-20T23:34:35 EDT" duration-ms="298" status="PASS">
          <reporter-output>
          </reporter-output>
        </test-method> <!-- afterSuite -->
      </class> <!-- testcases.TestCase1 -->
    </test> <!-- Test -->
  </suite> <!-- Suite -->
</testng-results>
