<?xml version="1.0" encoding="UTF-8"?>
<!-- Generated by org.testng.reporters.JUnitReportReporter -->
<testsuite hostname="Can" failures="0" tests="2" name="testcases.TestCase2" time="23.130" errors="2" timestamp="2023-06-29T03:26:40 EDT" skipped="0">
  <testcase classname="testcases.TestCase2" name="testCase2" time="22.871">
    <error type="java.lang.StackOverflowError">
      <![CDATA[java.lang.StackOverflowError
at org.openqa.selenium.remote.service.DriverCommandExecutor.execute(DriverCommandExecutor.java:84)
at org.openqa.selenium.remote.RemoteWebDriver.execute(RemoteWebDriver.java:601)
at org.openqa.selenium.remote.RemoteWebDriver.execute(RemoteWebDriver.java:658)
at org.openqa.selenium.remote.RemoteWebDriver.getScreenshotAs(RemoteWebDriver.java:340)
at wrappers.GenericWrappers.takeSnap(GenericWrappers.java:544)
at utils.Reporter.reportStep(Reporter.java:54)
at wrappers.GenericWrappers.takeSnap(GenericWrappers.java:547)
at utils.Reporter.reportStep(Reporter.java:54)
at wrappers.GenericWrappers.takeSnap(GenericWrappers.java:547)
at utils.Reporter.reportStep(Reporter.java:54)
at wrappers.GenericWrappers.takeSnap(GenericWrappers.java:547)
at utils.Reporter.reportStep(Reporter.java:54)
at wrappers.GenericWrappers.takeSnap(GenericWrappers.java:547)
at utils.Reporter.reportStep(Reporter.java:54)
at wrappers.GenericWrappers.takeSnap(GenericWrappers.java:547)
at utils.Reporter.reportStep(Reporter.java:54)
at wrappers.GenericWrappers.takeSnap(GenericWrappers.java:547)
at utils.Reporter.reportStep(Reporter.java:54)
at wrappers.GenericWrappers.takeSnap(GenericWrappers.java:547)
at utils.Reporter.reportStep(Reporter.java:54)
at wrappers.GenericWrappers.takeSnap(GenericWrappers.java:547)
at utils.Reporter.reportStep(Reporter.java:54)
at wrappers.GenericWrappers.takeSnap(GenericWrappers.java:547)
at utils.Reporter.reportStep(Reporter.java:54)
at wrappers.GenericWrappers.takeSnap(GenericWrappers.java:547)
at utils.Reporter.reportStep(Reporter.java:54)
at wrappers.GenericWrappers.takeSnap(GenericWrappers.java:547)
at utils.Reporter.reportStep(Reporter.java:54)
at wrappers.GenericWrappers.takeSnap(GenericWrappers.java:547)
at utils.Reporter.reportStep(Reporter.java:54)
at wrappers.GenericWrappers.takeSnap(GenericWrappers.java:547)
at utils.Reporter.reportStep(Reporter.java:54)
at wrappers.GenericWrappers.takeSnap(GenericWrappers.java:547)
at utils.Reporter.reportStep(Reporter.java:54)
at wrappers.GenericWrappers.takeSnap(GenericWrappers.java:547)
at utils.Reporter.reportStep(Reporter.java:54)
at wrappers.GenericWrappers.takeSnap(GenericWrappers.java:547)
at utils.Reporter.reportStep(Reporter.java:54)
at wrappers.GenericWrappers.takeSnap(GenericWrappers.java:547)
at utils.Reporter.reportStep(Reporter.java:54)
at wrappers.GenericWrappers.takeSnap(GenericWrappers.java:547)
at utils.Reporter.reportStep(Reporter.java:54)
at wrappers.GenericWrappers.takeSnap(GenericWrappers.java:547)
at utils.Reporter.reportStep(Reporter.java:54)
at wrappers.GenericWrappers.takeSnap(GenericWrappers.java:547)
at utils.Reporter.reportStep(Reporter.java:54)
at wrappers.GenericWrappers.takeSnap(GenericWrappers.java:547)
at utils.Reporter.reportStep(Reporter.java:54)
at wrappers.GenericWrappers.takeSnap(GenericWrappers.java:547)
at utils.Reporter.reportStep(Reporter.java:54)
at wrappers.GenericWrappers.takeSnap(GenericWrappers.java:547)
at utils.Reporter.reportStep(Reporter.java:54)
at wrappers.GenericWrappers.takeSnap(GenericWrappers.java:547)
at utils.Reporter.reportStep(Reporter.java:54)
at wrappers.GenericWrappers.takeSnap(GenericWrappers.java:547)
at utils.Reporter.reportStep(Reporter.java:54)
at wrappers.GenericWrappers.takeSnap(GenericWrappers.java:547)
at utils.Reporter.reportStep(Reporter.java:54)
at wrappers.GenericWrappers.takeSnap(GenericWrappers.java:547)
at utils.Reporter.reportStep(Reporter.java:54)
at wrappers.GenericWrappers.takeSnap(GenericWrappers.java:547)
at utils.Reporter.reportStep(Reporter.java:54)
at wrappers.GenericWrappers.takeSnap(GenericWrappers.java:547)
at utils.Reporter.reportStep(Reporter.java:54)
at wrappers.GenericWrappers.takeSnap(GenericWrappers.java:547)
at utils.Reporter.reportStep(Reporter.java:54)
at wrappers.GenericWrappers.takeSnap(GenericWrappers.java:547)
at utils.Reporter.reportStep(Reporter.java:54)
at wrappers.GenericWrappers.takeSnap(GenericWrappers.java:547)
at utils.Reporter.reportStep(Reporter.java:54)
at wrappers.GenericWrappers.takeSnap(GenericWrappers.java:547)
at utils.Reporter.reportStep(Reporter.java:54)
at wrappers.GenericWrappers.takeSnap(GenericWrappers.java:547)
at utils.Reporter.reportStep(Reporter.java:54)
at wrappers.GenericWrappers.takeSnap(GenericWrappers.java:547)
at utils.Reporter.reportStep(Reporter.java:54)
at wrappers.GenericWrappers.takeSnap(GenericWrappers.java:547)
at utils.Reporter.reportStep(Reporter.java:54)
at wrappers.GenericWrappers.takeSnap(GenericWrappers.java:547)
at utils.Reporter.reportStep(Reporter.java:54)
at wrappers.GenericWrappers.takeSnap(GenericWrappers.java:547)
at utils.Reporter.reportStep(Reporter.java:54)
at wrappers.GenericWrappers.takeSnap(GenericWrappers.java:547)
at utils.Reporter.reportStep(Reporter.java:54)
at wrappers.GenericWrappers.takeSnap(GenericWrappers.java:547)
at utils.Reporter.reportStep(Reporter.java:54)
at wrappers.GenericWrappers.takeSnap(GenericWrappers.java:547)
at utils.Reporter.reportStep(Reporter.java:54)
at wrappers.GenericWrappers.takeSnap(GenericWrappers.java:547)
at utils.Reporter.reportStep(Reporter.java:54)
at wrappers.GenericWrappers.takeSnap(GenericWrappers.java:547)
at utils.Reporter.reportStep(Reporter.java:54)
at wrappers.GenericWrappers.takeSnap(GenericWrappers.java:547)
at utils.Reporter.reportStep(Reporter.java:54)
at wrappers.GenericWrappers.takeSnap(GenericWrappers.java:547)
at utils.Reporter.reportStep(Reporter.java:54)
at wrappers.GenericWrappers.takeSnap(GenericWrappers.java:547)
at utils.Reporter.reportStep(Reporter.java:54)
at wrappers.GenericWrappers.takeSnap(GenericWrappers.java:547)
at utils.Reporter.reportStep(Reporter.java:54)
at wrappers.GenericWrappers.takeSnap(GenericWrappers.java:547)
at utils.Reporter.reportStep(Reporter.java:54)
at wrappers.GenericWrappers.takeSnap(GenericWrappers.java:547)
at utils.Reporter.reportStep(Reporter.java:54)
at wrappers.GenericWrappers.takeSnap(GenericWrappers.java:547)
at utils.Reporter.reportStep(Reporter.java:54)
at wrappers.GenericWrappers.takeSnap(GenericWrappers.java:547)
at utils.Reporter.reportStep(Reporter.java:54)
at wrappers.GenericWrappers.takeSnap(GenericWrappers.java:547)
at utils.Reporter.reportStep(Reporter.java:54)
at wrappers.GenericWrappers.takeSnap(GenericWrappers.java:547)
at utils.Reporter.reportStep(Reporter.java:54)
at wrappers.GenericWrappers.takeSnap(GenericWrappers.java:547)
at utils.Reporter.reportStep(Reporter.java:54)
at wrappers.GenericWrappers.takeSnap(GenericWrappers.java:547)
at utils.Reporter.reportStep(Reporter.java:54)
at wrappers.GenericWrappers.takeSnap(GenericWrappers.java:547)
at utils.Reporter.reportStep(Reporter.java:54)
at wrappers.GenericWrappers.takeSnap(GenericWrappers.java:547)
at utils.Reporter.reportStep(Reporter.java:54)
at wrappers.GenericWrappers.takeSnap(GenericWrappers.java:547)
at utils.Reporter.reportStep(Reporter.java:54)
at wrappers.GenericWrappers.takeSnap(GenericWrappers.java:547)
at utils.Reporter.reportStep(Reporter.java:54)
at wrappers.GenericWrappers.takeSnap(GenericWrappers.java:547)
at utils.Reporter.reportStep(Reporter.java:54)
at wrappers.GenericWrappers.takeSnap(GenericWrappers.java:547)
at utils.Reporter.reportStep(Reporter.java:54)
at wrappers.GenericWrappers.takeSnap(GenericWrappers.java:547)
at utils.Reporter.reportStep(Reporter.java:54)
at wrappers.GenericWrappers.takeSnap(GenericWrappers.java:547)
at utils.Reporter.reportStep(Reporter.java:54)
at wrappers.GenericWrappers.takeSnap(GenericWrappers.java:547)
at utils.Reporter.reportStep(Reporter.java:54)
at wrappers.GenericWrappers.takeSnap(GenericWrappers.java:547)
at utils.Reporter.reportStep(Reporter.java:54)
at wrappers.GenericWrappers.takeSnap(GenericWrappers.java:547)
at utils.Reporter.reportStep(Reporter.java:54)
at wrappers.GenericWrappers.takeSnap(GenericWrappers.java:547)
at utils.Reporter.reportStep(Reporter.java:54)
at wrappers.GenericWrappers.takeSnap(GenericWrappers.java:547)
at utils.Reporter.reportStep(Reporter.java:54)
at wrappers.GenericWrappers.takeSnap(GenericWrappers.java:547)
at utils.Reporter.reportStep(Reporter.java:54)
at wrappers.GenericWrappers.takeSnap(GenericWrappers.java:547)
at utils.Reporter.reportStep(Reporter.java:54)
at wrappers.GenericWrappers.takeSnap(GenericWrappers.java:547)
at utils.Reporter.reportStep(Reporter.java:54)
at wrappers.GenericWrappers.takeSnap(GenericWrappers.java:547)
at utils.Reporter.reportStep(Reporter.java:54)
at wrappers.GenericWrappers.takeSnap(GenericWrappers.java:547)
at utils.Reporter.reportStep(Reporter.java:54)
at wrappers.GenericWrappers.takeSnap(GenericWrappers.java:547)
at utils.Reporter.reportStep(Reporter.java:54)
at wrappers.GenericWrappers.takeSnap(GenericWrappers.java:547)
at utils.Reporter.reportStep(Reporter.java:54)
at wrappers.GenericWrappers.takeSnap(GenericWrappers.java:547)
at utils.Reporter.reportStep(Reporter.java:54)
at wrappers.GenericWrappers.takeSnap(GenericWrappers.java:547)
at utils.Reporter.reportStep(Reporter.java:54)
at wrappers.GenericWrappers.takeSnap(GenericWrappers.java:547)
at utils.Reporter.reportStep(Reporter.java:54)
at wrappers.GenericWrappers.takeSnap(GenericWrappers.java:547)
at utils.Reporter.reportStep(Reporter.java:54)
at wrappers.GenericWrappers.takeSnap(GenericWrappers.java:547)
at utils.Reporter.reportStep(Reporter.java:54)
at wrappers.GenericWrappers.takeSnap(GenericWrappers.java:547)
at utils.Reporter.reportStep(Reporter.java:54)
at wrappers.GenericWrappers.takeSnap(GenericWrappers.java:547)
at utils.Reporter.reportStep(Reporter.java:54)
at wrappers.GenericWrappers.takeSnap(GenericWrappers.java:547)
at utils.Reporter.reportStep(Reporter.java:54)
at wrappers.GenericWrappers.takeSnap(GenericWrappers.java:547)
at utils.Reporter.reportStep(Reporter.java:54)
at wrappers.GenericWrappers.takeSnap(GenericWrappers.java:547)
at utils.Reporter.reportStep(Reporter.java:54)
at wrappers.GenericWrappers.takeSnap(GenericWrappers.java:547)
at utils.Reporter.reportStep(Reporter.java:54)
at wrappers.GenericWrappers.takeSnap(GenericWrappers.java:547)
at utils.Reporter.reportStep(Reporter.java:54)
at wrappers.GenericWrappers.takeSnap(GenericWrappers.java:547)
at utils.Reporter.reportStep(Reporter.java:54)
at wrappers.GenericWrappers.takeSnap(GenericWrappers.java:547)
at utils.Reporter.reportStep(Reporter.java:54)
at wrappers.GenericWrappers.takeSnap(GenericWrappers.java:547)
at utils.Reporter.reportStep(Reporter.java:54)
at wrappers.GenericWrappers.takeSnap(GenericWrappers.java:547)
at utils.Reporter.reportStep(Reporter.java:54)
at wrappers.GenericWrappers.takeSnap(GenericWrappers.java:547)
at utils.Reporter.reportStep(Reporter.java:54)
at wrappers.GenericWrappers.takeSnap(GenericWrappers.java:547)
at utils.Reporter.reportStep(Reporter.java:54)
at wrappers.GenericWrappers.takeSnap(GenericWrappers.java:547)
at utils.Reporter.reportStep(Reporter.java:54)
at wrappers.GenericWrappers.takeSnap(GenericWrappers.java:547)
at utils.Reporter.reportStep(Reporter.java:54)
at wrappers.GenericWrappers.takeSnap(GenericWrappers.java:547)
at utils.Reporter.reportStep(Reporter.java:54)
at wrappers.GenericWrappers.takeSnap(GenericWrappers.java:547)
at utils.Reporter.reportStep(Reporter.java:54)
at wrappers.GenericWrappers.takeSnap(GenericWrappers.java:547)
at utils.Reporter.reportStep(Reporter.java:54)
at wrappers.GenericWrappers.takeSnap(GenericWrappers.java:547)
at utils.Reporter.reportStep(Reporter.java:54)
at wrappers.GenericWrappers.takeSnap(GenericWrappers.java:547)
at utils.Reporter.reportStep(Reporter.java:54)
at wrappers.GenericWrappers.takeSnap(GenericWrappers.java:547)
at utils.Reporter.reportStep(Reporter.java:54)
at wrappers.GenericWrappers.takeSnap(GenericWrappers.java:547)
at utils.Reporter.reportStep(Reporter.java:54)
at wrappers.GenericWrappers.takeSnap(GenericWrappers.java:547)
at utils.Reporter.reportStep(Reporter.java:54)
at wrappers.GenericWrappers.takeSnap(GenericWrappers.java:547)
at utils.Reporter.reportStep(Reporter.java:54)
at wrappers.GenericWrappers.takeSnap(GenericWrappers.java:547)
at utils.Reporter.reportStep(Reporter.java:54)
at wrappers.GenericWrappers.takeSnap(GenericWrappers.java:547)
at utils.Reporter.reportStep(Reporter.java:54)
at wrappers.GenericWrappers.takeSnap(GenericWrappers.java:547)
at utils.Reporter.reportStep(Reporter.java:54)
at wrappers.GenericWrappers.takeSnap(GenericWrappers.java:547)
at utils.Reporter.reportStep(Reporter.java:54)
at wrappers.GenericWrappers.takeSnap(GenericWrappers.java:547)
at utils.Reporter.reportStep(Reporter.java:54)
at wrappers.GenericWrappers.takeSnap(GenericWrappers.java:547)
at utils.Reporter.reportStep(Reporter.java:54)
at wrappers.GenericWrappers.takeSnap(GenericWrappers.java:547)
at utils.Reporter.reportStep(Reporter.java:54)
at wrappers.GenericWrappers.takeSnap(GenericWrappers.java:547)
at utils.Reporter.reportStep(Reporter.java:54)
at wrappers.GenericWrappers.takeSnap(GenericWrappers.java:547)
at utils.Reporter.reportStep(Reporter.java:54)
at wrappers.GenericWrappers.takeSnap(GenericWrappers.java:547)
at utils.Reporter.reportStep(Reporter.java:54)
at wrappers.GenericWrappers.takeSnap(GenericWrappers.java:547)
at utils.Reporter.reportStep(Reporter.java:54)
at wrappers.GenericWrappers.takeSnap(GenericWrappers.java:547)
at utils.Reporter.reportStep(Reporter.java:54)
at wrappers.GenericWrappers.takeSnap(GenericWrappers.java:547)
at utils.Reporter.reportStep(Reporter.java:54)
at wrappers.GenericWrappers.takeSnap(GenericWrappers.java:547)
at utils.Reporter.reportStep(Reporter.java:54)
at wrappers.GenericWrappers.takeSnap(GenericWrappers.java:547)
at utils.Reporter.reportStep(Reporter.java:54)
at wrappers.GenericWrappers.takeSnap(GenericWrappers.java:547)
at utils.Reporter.reportStep(Reporter.java:54)
at wrappers.GenericWrappers.takeSnap(GenericWrappers.java:547)
at utils.Reporter.reportStep(Reporter.java:54)
at wrappers.GenericWrappers.takeSnap(GenericWrappers.java:547)
at utils.Reporter.reportStep(Reporter.java:54)
at wrappers.GenericWrappers.takeSnap(GenericWrappers.java:547)
at utils.Reporter.reportStep(Reporter.java:54)
at wrappers.GenericWrappers.takeSnap(GenericWrappers.java:547)
at utils.Reporter.reportStep(Reporter.java:54)
at wrappers.GenericWrappers.takeSnap(GenericWrappers.java:547)
at utils.Reporter.reportStep(Reporter.java:54)
at wrappers.GenericWrappers.takeSnap(GenericWrappers.java:547)
at utils.Reporter.reportStep(Reporter.java:54)
at wrappers.GenericWrappers.takeSnap(GenericWrappers.java:547)
at utils.Reporter.reportStep(Reporter.java:54)
at wrappers.GenericWrappers.takeSnap(GenericWrappers.java:547)
at utils.Reporter.reportStep(Reporter.java:54)
at wrappers.GenericWrappers.takeSnap(GenericWrappers.java:547)
at utils.Reporter.reportStep(Reporter.java:54)
at wrappers.GenericWrappers.takeSnap(GenericWrappers.java:547)
at utils.Reporter.reportStep(Reporter.java:54)
at wrappers.GenericWrappers.takeSnap(GenericWrappers.java:547)
at utils.Reporter.reportStep(Reporter.java:54)
at wrappers.GenericWrappers.takeSnap(GenericWrappers.java:547)
at utils.Reporter.reportStep(Reporter.java:54)
at wrappers.GenericWrappers.takeSnap(GenericWrappers.java:547)
at utils.Reporter.reportStep(Reporter.java:54)
at wrappers.GenericWrappers.takeSnap(GenericWrappers.java:547)
at utils.Reporter.reportStep(Reporter.java:54)
at wrappers.GenericWrappers.takeSnap(GenericWrappers.java:547)
at utils.Reporter.reportStep(Reporter.java:54)
at wrappers.GenericWrappers.takeSnap(GenericWrappers.java:547)
at utils.Reporter.reportStep(Reporter.java:54)
at wrappers.GenericWrappers.takeSnap(GenericWrappers.java:547)
at utils.Reporter.reportStep(Reporter.java:54)
at wrappers.GenericWrappers.takeSnap(GenericWrappers.java:547)
at utils.Reporter.reportStep(Reporter.java:54)
at wrappers.GenericWrappers.takeSnap(GenericWrappers.java:547)
at utils.Reporter.reportStep(Reporter.java:54)
at wrappers.GenericWrappers.takeSnap(GenericWrappers.java:547)
at utils.Reporter.reportStep(Reporter.java:54)
at wrappers.GenericWrappers.takeSnap(GenericWrappers.java:547)
at utils.Reporter.reportStep(Reporter.java:54)
at wrappers.GenericWrappers.takeSnap(GenericWrappers.java:547)
at utils.Reporter.reportStep(Reporter.java:54)
at wrappers.GenericWrappers.takeSnap(GenericWrappers.java:547)
at utils.Reporter.reportStep(Reporter.java:54)
at wrappers.GenericWrappers.takeSnap(GenericWrappers.java:547)
at utils.Reporter.reportStep(Reporter.java:54)
at wrappers.GenericWrappers.takeSnap(GenericWrappers.java:547)
at utils.Reporter.reportStep(Reporter.java:54)
at wrappers.GenericWrappers.takeSnap(GenericWrappers.java:547)
at utils.Reporter.reportStep(Reporter.java:54)
at wrappers.GenericWrappers.takeSnap(GenericWrappers.java:547)
at utils.Reporter.reportStep(Reporter.java:54)
at wrappers.GenericWrappers.takeSnap(GenericWrappers.java:547)
at utils.Reporter.reportStep(Reporter.java:54)
at wrappers.GenericWrappers.takeSnap(GenericWrappers.java:547)
at utils.Reporter.reportStep(Reporter.java:54)
at wrappers.GenericWrappers.takeSnap(GenericWrappers.java:547)
at utils.Reporter.reportStep(Reporter.java:54)
at wrappers.GenericWrappers.takeSnap(GenericWrappers.java:547)
at utils.Reporter.reportStep(Reporter.java:54)
at wrappers.GenericWrappers.takeSnap(GenericWrappers.java:547)
at utils.Reporter.reportStep(Reporter.java:54)
at wrappers.GenericWrappers.takeSnap(GenericWrappers.java:547)
at utils.Reporter.reportStep(Reporter.java:54)
at wrappers.GenericWrappers.takeSnap(GenericWrappers.java:547)
at utils.Reporter.reportStep(Reporter.java:54)
at wrappers.GenericWrappers.takeSnap(GenericWrappers.java:547)
at utils.Reporter.reportStep(Reporter.java:54)
at wrappers.GenericWrappers.takeSnap(GenericWrappers.java:547)
at utils.Reporter.reportStep(Reporter.java:54)
at wrappers.GenericWrappers.takeSnap(GenericWrappers.java:547)
at utils.Reporter.reportStep(Reporter.java:54)
at wrappers.GenericWrappers.takeSnap(GenericWrappers.java:547)
at utils.Reporter.reportStep(Reporter.java:54)
at wrappers.GenericWrappers.takeSnap(GenericWrappers.java:547)
at utils.Reporter.reportStep(Reporter.java:54)
at wrappers.GenericWrappers.takeSnap(GenericWrappers.java:547)
at utils.Reporter.reportStep(Reporter.java:54)
at wrappers.GenericWrappers.takeSnap(GenericWrappers.java:547)
at utils.Reporter.reportStep(Reporter.java:54)
at wrappers.GenericWrappers.takeSnap(GenericWrappers.java:547)
at utils.Reporter.reportStep(Reporter.java:54)
at wrappers.GenericWrappers.takeSnap(GenericWrappers.java:547)
at utils.Reporter.reportStep(Reporter.java:54)
at wrappers.GenericWrappers.takeSnap(GenericWrappers.java:547)
at utils.Reporter.reportStep(Reporter.java:54)
at wrappers.GenericWrappers.takeSnap(GenericWrappers.java:547)
at utils.Reporter.reportStep(Reporter.java:54)
at wrappers.GenericWrappers.takeSnap(GenericWrappers.java:547)
at utils.Reporter.reportStep(Reporter.java:54)
at wrappers.GenericWrappers.takeSnap(GenericWrappers.java:547)
at utils.Reporter.reportStep(Reporter.java:54)
at wrappers.GenericWrappers.takeSnap(GenericWrappers.java:547)
at utils.Reporter.reportStep(Reporter.java:54)
at wrappers.GenericWrappers.takeSnap(GenericWrappers.java:547)
at utils.Reporter.reportStep(Reporter.java:54)
at wrappers.GenericWrappers.takeSnap(GenericWrappers.java:547)
at utils.Reporter.reportStep(Reporter.java:54)
at wrappers.GenericWrappers.takeSnap(GenericWrappers.java:547)
at utils.Reporter.reportStep(Reporter.java:54)
at wrappers.GenericWrappers.takeSnap(GenericWrappers.java:547)
at utils.Reporter.reportStep(Reporter.java:54)
at wrappers.GenericWrappers.takeSnap(GenericWrappers.java:547)
at utils.Reporter.reportStep(Reporter.java:54)
at wrappers.GenericWrappers.takeSnap(GenericWrappers.java:547)
at utils.Reporter.reportStep(Reporter.java:54)
at wrappers.GenericWrappers.takeSnap(GenericWrappers.java:547)
at utils.Reporter.reportStep(Reporter.java:54)
at wrappers.GenericWrappers.takeSnap(GenericWrappers.java:547)
at utils.Reporter.reportStep(Reporter.java:54)
at wrappers.GenericWrappers.takeSnap(GenericWrappers.java:547)
at utils.Reporter.reportStep(Reporter.java:54)
at wrappers.GenericWrappers.takeSnap(GenericWrappers.java:547)
at utils.Reporter.reportStep(Reporter.java:54)
at wrappers.GenericWrappers.takeSnap(GenericWrappers.java:547)
at utils.Reporter.reportStep(Reporter.java:54)
at wrappers.GenericWrappers.takeSnap(GenericWrappers.java:547)
at utils.Reporter.reportStep(Reporter.java:54)
at wrappers.GenericWrappers.takeSnap(GenericWrappers.java:547)
at utils.Reporter.reportStep(Reporter.java:54)
at wrappers.GenericWrappers.takeSnap(GenericWrappers.java:547)
at utils.Reporter.reportStep(Reporter.java:54)
at wrappers.GenericWrappers.takeSnap(GenericWrappers.java:547)
at utils.Reporter.reportStep(Reporter.java:54)
at wrappers.GenericWrappers.takeSnap(GenericWrappers.java:547)
at utils.Reporter.reportStep(Reporter.java:54)
at wrappers.GenericWrappers.takeSnap(GenericWrappers.java:547)
at utils.Reporter.reportStep(Reporter.java:54)
at wrappers.GenericWrappers.takeSnap(GenericWrappers.java:547)
at utils.Reporter.reportStep(Reporter.java:54)
at wrappers.GenericWrappers.takeSnap(GenericWrappers.java:547)
at utils.Reporter.reportStep(Reporter.java:54)
at wrappers.GenericWrappers.takeSnap(GenericWrappers.java:547)
at utils.Reporter.reportStep(Reporter.java:54)
at wrappers.GenericWrappers.takeSnap(GenericWrappers.java:547)
at utils.Reporter.reportStep(Reporter.java:54)
at wrappers.GenericWrappers.takeSnap(GenericWrappers.java:547)
at utils.Reporter.reportStep(Reporter.java:54)
at wrappers.GenericWrappers.takeSnap(GenericWrappers.java:547)
at utils.Reporter.reportStep(Reporter.java:54)
at wrappers.GenericWrappers.takeSnap(GenericWrappers.java:547)
at utils.Reporter.reportStep(Reporter.java:54)
at wrappers.GenericWrappers.takeSnap(GenericWrappers.java:547)
at utils.Reporter.reportStep(Reporter.java:54)
at wrappers.GenericWrappers.takeSnap(GenericWrappers.java:547)
at utils.Reporter.reportStep(Reporter.java:54)
at wrappers.GenericWrappers.takeSnap(GenericWrappers.java:547)
at utils.Reporter.reportStep(Reporter.java:54)
at wrappers.GenericWrappers.takeSnap(GenericWrappers.java:547)
at utils.Reporter.reportStep(Reporter.java:54)
at wrappers.GenericWrappers.takeSnap(GenericWrappers.java:547)
at utils.Reporter.reportStep(Reporter.java:54)
at wrappers.GenericWrappers.takeSnap(GenericWrappers.java:547)
at utils.Reporter.reportStep(Reporter.java:54)
at wrappers.GenericWrappers.takeSnap(GenericWrappers.java:547)
at utils.Reporter.reportStep(Reporter.java:54)
at wrappers.GenericWrappers.takeSnap(GenericWrappers.java:547)
at utils.Reporter.reportStep(Reporter.java:54)
at wrappers.GenericWrappers.takeSnap(GenericWrappers.java:547)
at utils.Reporter.reportStep(Reporter.java:54)
at wrappers.GenericWrappers.takeSnap(GenericWrappers.java:547)
at utils.Reporter.reportStep(Reporter.java:54)
at wrappers.GenericWrappers.takeSnap(GenericWrappers.java:547)
at utils.Reporter.reportStep(Reporter.java:54)
at wrappers.GenericWrappers.takeSnap(GenericWrappers.java:547)
at utils.Reporter.reportStep(Reporter.java:54)
at wrappers.GenericWrappers.takeSnap(GenericWrappers.java:547)
at utils.Reporter.reportStep(Reporter.java:54)
at wrappers.GenericWrappers.takeSnap(GenericWrappers.java:547)
at utils.Reporter.reportStep(Reporter.java:54)
at wrappers.GenericWrappers.takeSnap(GenericWrappers.java:547)
at utils.Reporter.reportStep(Reporter.java:54)
at wrappers.GenericWrappers.takeSnap(GenericWrappers.java:547)
at utils.Reporter.reportStep(Reporter.java:54)
at wrappers.GenericWrappers.takeSnap(GenericWrappers.java:547)
at utils.Reporter.reportStep(Reporter.java:54)
at wrappers.GenericWrappers.takeSnap(GenericWrappers.java:547)
at utils.Reporter.reportStep(Reporter.java:54)
at wrappers.GenericWrappers.takeSnap(GenericWrappers.java:547)
at utils.Reporter.reportStep(Reporter.java:54)
at wrappers.GenericWrappers.takeSnap(GenericWrappers.java:547)
at utils.Reporter.reportStep(Reporter.java:54)
at wrappers.GenericWrappers.takeSnap(GenericWrappers.java:547)
at utils.Reporter.reportStep(Reporter.java:54)
at wrappers.GenericWrappers.takeSnap(GenericWrappers.java:547)
at utils.Reporter.reportStep(Reporter.java:54)
at wrappers.GenericWrappers.takeSnap(GenericWrappers.java:547)
at utils.Reporter.reportStep(Reporter.java:54)
at wrappers.GenericWrappers.takeSnap(GenericWrappers.java:547)
at utils.Reporter.reportStep(Reporter.java:54)
at wrappers.GenericWrappers.takeSnap(GenericWrappers.java:547)
at utils.Reporter.reportStep(Reporter.java:54)
at wrappers.GenericWrappers.takeSnap(GenericWrappers.java:547)
at utils.Reporter.reportStep(Reporter.java:54)
at wrappers.GenericWrappers.takeSnap(GenericWrappers.java:547)
at utils.Reporter.reportStep(Reporter.java:54)
at wrappers.GenericWrappers.takeSnap(GenericWrappers.java:547)
at utils.Reporter.reportStep(Reporter.java:54)
at wrappers.GenericWrappers.takeSnap(GenericWrappers.java:547)
at utils.Reporter.reportStep(Reporter.java:54)
at wrappers.GenericWrappers.takeSnap(GenericWrappers.java:547)
at utils.Reporter.reportStep(Reporter.java:54)
at wrappers.GenericWrappers.takeSnap(GenericWrappers.java:547)
at utils.Reporter.reportStep(Reporter.java:54)
at wrappers.GenericWrappers.takeSnap(GenericWrappers.java:547)
at utils.Reporter.reportStep(Reporter.java:54)
at wrappers.GenericWrappers.takeSnap(GenericWrappers.java:547)
at utils.Reporter.reportStep(Reporter.java:54)
at wrappers.GenericWrappers.takeSnap(GenericWrappers.java:547)
at utils.Reporter.reportStep(Reporter.java:54)
at wrappers.GenericWrappers.takeSnap(GenericWrappers.java:547)
at utils.Reporter.reportStep(Reporter.java:54)
at wrappers.GenericWrappers.takeSnap(GenericWrappers.java:547)
at utils.Reporter.reportStep(Reporter.java:54)
at wrappers.GenericWrappers.takeSnap(GenericWrappers.java:547)
at utils.Reporter.reportStep(Reporter.java:54)
at wrappers.GenericWrappers.takeSnap(GenericWrappers.java:547)
at utils.Reporter.reportStep(Reporter.java:54)
at wrappers.GenericWrappers.takeSnap(GenericWrappers.java:547)
at utils.Reporter.reportStep(Reporter.java:54)
at wrappers.GenericWrappers.takeSnap(GenericWrappers.java:547)
at utils.Reporter.reportStep(Reporter.java:54)
at wrappers.GenericWrappers.takeSnap(GenericWrappers.java:547)
at utils.Reporter.reportStep(Reporter.java:54)
at wrappers.GenericWrappers.takeSnap(GenericWrappers.java:547)
at utils.Reporter.reportStep(Reporter.java:54)
at wrappers.GenericWrappers.takeSnap(GenericWrappers.java:547)
at utils.Reporter.reportStep(Reporter.java:54)
at wrappers.GenericWrappers.takeSnap(GenericWrappers.java:547)
at utils.Reporter.reportStep(Reporter.java:54)
at wrappers.GenericWrappers.takeSnap(GenericWrappers.java:547)
at utils.Reporter.reportStep(Reporter.java:54)
at wrappers.GenericWrappers.takeSnap(GenericWrappers.java:547)
at utils.Reporter.reportStep(Reporter.java:54)
at wrappers.GenericWrappers.takeSnap(GenericWrappers.java:547)
at utils.Reporter.reportStep(Reporter.java:54)
at wrappers.GenericWrappers.takeSnap(GenericWrappers.java:547)
at utils.Reporter.reportStep(Reporter.java:54)
at wrappers.GenericWrappers.takeSnap(GenericWrappers.java:547)
at utils.Reporter.reportStep(Reporter.java:54)
at wrappers.GenericWrappers.takeSnap(GenericWrappers.java:547)
at utils.Reporter.reportStep(Reporter.java:54)
at wrappers.GenericWrappers.takeSnap(GenericWrappers.java:547)
at utils.Reporter.reportStep(Reporter.java:54)
at wrappers.GenericWrappers.takeSnap(GenericWrappers.java:547)
at utils.Reporter.reportStep(Reporter.java:54)
at wrappers.GenericWrappers.takeSnap(GenericWrappers.java:547)
at utils.Reporter.reportStep(Reporter.java:54)
at wrappers.GenericWrappers.takeSnap(GenericWrappers.java:547)
at utils.Reporter.reportStep(Reporter.java:54)
at wrappers.GenericWrappers.takeSnap(GenericWrappers.java:547)
at utils.Reporter.reportStep(Reporter.java:54)
at wrappers.GenericWrappers.takeSnap(GenericWrappers.java:547)
at utils.Reporter.reportStep(Reporter.java:54)
at wrappers.GenericWrappers.takeSnap(GenericWrappers.java:547)
at utils.Reporter.reportStep(Reporter.java:54)
at wrappers.GenericWrappers.takeSnap(GenericWrappers.java:547)
at utils.Reporter.reportStep(Reporter.java:54)
at wrappers.GenericWrappers.takeSnap(GenericWrappers.java:547)
at utils.Reporter.reportStep(Reporter.java:54)
at wrappers.GenericWrappers.takeSnap(GenericWrappers.java:547)
at utils.Reporter.reportStep(Reporter.java:54)
at wrappers.GenericWrappers.takeSnap(GenericWrappers.java:547)
at utils.Reporter.reportStep(Reporter.java:54)
at wrappers.GenericWrappers.takeSnap(GenericWrappers.java:547)
at utils.Reporter.reportStep(Reporter.java:54)
at wrappers.GenericWrappers.takeSnap(GenericWrappers.java:547)
at utils.Reporter.reportStep(Reporter.java:54)
at wrappers.GenericWrappers.takeSnap(GenericWrappers.java:547)
at utils.Reporter.reportStep(Reporter.java:54)
at wrappers.GenericWrappers.takeSnap(GenericWrappers.java:547)
at utils.Reporter.reportStep(Reporter.java:54)
at wrappers.GenericWrappers.takeSnap(GenericWrappers.java:547)
at utils.Reporter.reportStep(Reporter.java:54)
at wrappers.GenericWrappers.takeSnap(GenericWrappers.java:547)
at utils.Reporter.reportStep(Reporter.java:54)
at wrappers.GenericWrappers.takeSnap(GenericWrappers.java:547)
at utils.Reporter.reportStep(Reporter.java:54)
at wrappers.GenericWrappers.takeSnap(GenericWrappers.java:547)
at utils.Reporter.reportStep(Reporter.java:54)
at wrappers.GenericWrappers.takeSnap(GenericWrappers.java:547)
at utils.Reporter.reportStep(Reporter.java:54)
at wrappers.GenericWrappers.takeSnap(GenericWrappers.java:547)
at utils.Reporter.reportStep(Reporter.java:54)
at wrappers.GenericWrappers.takeSnap(GenericWrappers.java:547)
at utils.Reporter.reportStep(Reporter.java:54)
at wrappers.GenericWrappers.takeSnap(GenericWrappers.java:547)
at utils.Reporter.reportStep(Reporter.java:54)
at wrappers.GenericWrappers.takeSnap(GenericWrappers.java:547)
at utils.Reporter.reportStep(Reporter.java:54)
at wrappers.GenericWrappers.takeSnap(GenericWrappers.java:547)
at utils.Reporter.reportStep(Reporter.java:54)
at wrappers.GenericWrappers.takeSnap(GenericWrappers.java:547)
at utils.Reporter.reportStep(Reporter.java:54)
at wrappers.GenericWrappers.takeSnap(GenericWrappers.java:547)
at utils.Reporter.reportStep(Reporter.java:54)
at wrappers.GenericWrappers.takeSnap(GenericWrappers.java:547)
at utils.Reporter.reportStep(Reporter.java:54)
at wrappers.GenericWrappers.takeSnap(GenericWrappers.java:547)
at utils.Reporter.reportStep(Reporter.java:54)
at wrappers.GenericWrappers.takeSnap(GenericWrappers.java:547)
at utils.Reporter.reportStep(Reporter.java:54)
at wrappers.GenericWrappers.takeSnap(GenericWrappers.java:547)
at utils.Reporter.reportStep(Reporter.java:54)
at wrappers.GenericWrappers.takeSnap(GenericWrappers.java:547)
at utils.Reporter.reportStep(Reporter.java:54)
at wrappers.GenericWrappers.takeSnap(GenericWrappers.java:547)
at utils.Reporter.reportStep(Reporter.java:54)
at wrappers.GenericWrappers.takeSnap(GenericWrappers.java:547)
at utils.Reporter.reportStep(Reporter.java:54)
at wrappers.GenericWrappers.takeSnap(GenericWrappers.java:547)
at utils.Reporter.reportStep(Reporter.java:54)
at wrappers.GenericWrappers.takeSnap(GenericWrappers.java:547)
at utils.Reporter.reportStep(Reporter.java:54)
at wrappers.GenericWrappers.takeSnap(GenericWrappers.java:547)
at utils.Reporter.reportStep(Reporter.java:54)
at wrappers.GenericWrappers.takeSnap(GenericWrappers.java:547)
at utils.Reporter.reportStep(Reporter.java:54)
at wrappers.GenericWrappers.takeSnap(GenericWrappers.java:547)
at utils.Reporter.reportStep(Reporter.java:54)
at wrappers.GenericWrappers.takeSnap(GenericWrappers.java:547)
at utils.Reporter.reportStep(Reporter.java:54)
at wrappers.GenericWrappers.takeSnap(GenericWrappers.java:547)
at utils.Reporter.reportStep(Reporter.java:54)
at wrappers.GenericWrappers.takeSnap(GenericWrappers.java:547)
at utils.Reporter.reportStep(Reporter.java:54)
at wrappers.GenericWrappers.takeSnap(GenericWrappers.java:547)
at utils.Reporter.reportStep(Reporter.java:54)
at wrappers.GenericWrappers.takeSnap(GenericWrappers.java:547)
at utils.Reporter.reportStep(Reporter.java:54)
at wrappers.GenericWrappers.takeSnap(GenericWrappers.java:547)
at utils.Reporter.reportStep(Reporter.java:54)
at wrappers.GenericWrappers.takeSnap(GenericWrappers.java:547)
at utils.Reporter.reportStep(Reporter.java:54)
at wrappers.GenericWrappers.takeSnap(GenericWrappers.java:547)
at utils.Reporter.reportStep(Reporter.java:54)
at wrappers.GenericWrappers.takeSnap(GenericWrappers.java:547)
at utils.Reporter.reportStep(Reporter.java:54)
at wrappers.GenericWrappers.takeSnap(GenericWrappers.java:547)
at utils.Reporter.reportStep(Reporter.java:54)
at wrappers.GenericWrappers.takeSnap(GenericWrappers.java:547)
at utils.Reporter.reportStep(Reporter.java:54)
at wrappers.GenericWrappers.takeSnap(GenericWrappers.java:547)
at utils.Reporter.reportStep(Reporter.java:54)
at wrappers.GenericWrappers.takeSnap(GenericWrappers.java:547)
at utils.Reporter.reportStep(Reporter.java:54)
at wrappers.GenericWrappers.takeSnap(GenericWrappers.java:547)
at utils.Reporter.reportStep(Reporter.java:54)
at wrappers.GenericWrappers.takeSnap(GenericWrappers.java:547)
at utils.Reporter.reportStep(Reporter.java:54)
at wrappers.GenericWrappers.takeSnap(GenericWrappers.java:547)
at utils.Reporter.reportStep(Reporter.java:54)
at wrappers.GenericWrappers.takeSnap(GenericWrappers.java:547)
at utils.Reporter.reportStep(Reporter.java:54)
at wrappers.GenericWrappers.takeSnap(GenericWrappers.java:547)
at utils.Reporter.reportStep(Reporter.java:54)
at wrappers.GenericWrappers.takeSnap(GenericWrappers.java:547)
at utils.Reporter.reportStep(Reporter.java:54)
at wrappers.GenericWrappers.takeSnap(GenericWrappers.java:547)
at utils.Reporter.reportStep(Reporter.java:54)
at wrappers.GenericWrappers.takeSnap(GenericWrappers.java:547)
at utils.Reporter.reportStep(Reporter.java:54)
at wrappers.GenericWrappers.takeSnap(GenericWrappers.java:547)
at utils.Reporter.reportStep(Reporter.java:54)
at wrappers.GenericWrappers.takeSnap(GenericWrappers.java:547)
at utils.Reporter.reportStep(Reporter.java:54)
at wrappers.GenericWrappers.takeSnap(GenericWrappers.java:547)
at utils.Reporter.reportStep(Reporter.java:54)
at wrappers.GenericWrappers.takeSnap(GenericWrappers.java:547)
at utils.Reporter.reportStep(Reporter.java:54)
at wrappers.GenericWrappers.takeSnap(GenericWrappers.java:547)
at utils.Reporter.reportStep(Reporter.java:54)
at wrappers.GenericWrappers.takeSnap(GenericWrappers.java:547)
at utils.Reporter.reportStep(Reporter.java:54)
at wrappers.GenericWrappers.takeSnap(GenericWrappers.java:547)
at utils.Reporter.reportStep(Reporter.java:54)
at wrappers.GenericWrappers.takeSnap(GenericWrappers.java:547)
at utils.Reporter.reportStep(Reporter.java:54)
at wrappers.GenericWrappers.takeSnap(GenericWrappers.java:547)
at utils.Reporter.reportStep(Reporter.java:54)
at wrappers.GenericWrappers.takeSnap(GenericWrappers.java:547)
at utils.Reporter.reportStep(Reporter.java:54)
at wrappers.GenericWrappers.takeSnap(GenericWrappers.java:547)
at utils.Reporter.reportStep(Reporter.java:54)
at wrappers.GenericWrappers.takeSnap(GenericWrappers.java:547)
at utils.Reporter.reportStep(Reporter.java:54)
at wrappers.GenericWrappers.takeSnap(GenericWrappers.java:547)
at utils.Reporter.reportStep(Reporter.java:54)
at wrappers.GenericWrappers.takeSnap(GenericWrappers.java:547)
at utils.Reporter.reportStep(Reporter.java:54)
at wrappers.GenericWrappers.takeSnap(GenericWrappers.java:547)
at utils.Reporter.reportStep(Reporter.java:54)
at wrappers.GenericWrappers.takeSnap(GenericWrappers.java:547)
at utils.Reporter.reportStep(Reporter.java:54)
at wrappers.GenericWrappers.takeSnap(GenericWrappers.java:547)
at utils.Reporter.reportStep(Reporter.java:54)
at wrappers.GenericWrappers.takeSnap(GenericWrappers.java:547)
at utils.Reporter.reportStep(Reporter.java:54)
at wrappers.GenericWrappers.takeSnap(GenericWrappers.java:547)
at utils.Reporter.reportStep(Reporter.java:54)
at wrappers.GenericWrappers.takeSnap(GenericWrappers.java:547)
at utils.Reporter.reportStep(Reporter.java:54)
at wrappers.GenericWrappers.takeSnap(GenericWrappers.java:547)
at utils.Reporter.reportStep(Reporter.java:54)
at wrappers.GenericWrappers.takeSnap(GenericWrappers.java:547)
at utils.Reporter.reportStep(Reporter.java:54)
at wrappers.GenericWrappers.takeSnap(GenericWrappers.java:547)
at utils.Reporter.reportStep(Reporter.java:54)
at wrappers.GenericWrappers.takeSnap(GenericWrappers.java:547)
at utils.Reporter.reportStep(Reporter.java:54)
at wrappers.GenericWrappers.takeSnap(GenericWrappers.java:547)
at utils.Reporter.reportStep(Reporter.java:54)
at wrappers.GenericWrappers.takeSnap(GenericWrappers.java:547)
at utils.Reporter.reportStep(Reporter.java:54)
at wrappers.GenericWrappers.takeSnap(GenericWrappers.java:547)
at utils.Reporter.reportStep(Reporter.java:54)
at wrappers.GenericWrappers.takeSnap(GenericWrappers.java:547)
at utils.Reporter.reportStep(Reporter.java:54)
at wrappers.GenericWrappers.takeSnap(GenericWrappers.java:547)
at utils.Reporter.reportStep(Reporter.java:54)
at wrappers.GenericWrappers.takeSnap(GenericWrappers.java:547)
at utils.Reporter.reportStep(Reporter.java:54)
at wrappers.GenericWrappers.takeSnap(GenericWrappers.java:547)
at utils.Reporter.reportStep(Reporter.java:54)
at wrappers.GenericWrappers.takeSnap(GenericWrappers.java:547)
at utils.Reporter.reportStep(Reporter.java:54)
at wrappers.GenericWrappers.takeSnap(GenericWrappers.java:547)
at utils.Reporter.reportStep(Reporter.java:54)
at wrappers.GenericWrappers.takeSnap(GenericWrappers.java:547)
at utils.Reporter.reportStep(Reporter.java:54)
at wrappers.GenericWrappers.takeSnap(GenericWrappers.java:547)
at utils.Reporter.reportStep(Reporter.java:54)
at wrappers.GenericWrappers.takeSnap(GenericWrappers.java:547)
at utils.Reporter.reportStep(Reporter.java:54)
at wrappers.GenericWrappers.takeSnap(GenericWrappers.java:547)
at utils.Reporter.reportStep(Reporter.java:54)
at wrappers.GenericWrappers.takeSnap(GenericWrappers.java:547)
at utils.Reporter.reportStep(Reporter.java:54)
at wrappers.GenericWrappers.takeSnap(GenericWrappers.java:547)
at utils.Reporter.reportStep(Reporter.java:54)
at wrappers.GenericWrappers.takeSnap(GenericWrappers.java:547)
at utils.Reporter.reportStep(Reporter.java:54)
at wrappers.GenericWrappers.takeSnap(GenericWrappers.java:547)
at utils.Reporter.reportStep(Reporter.java:54)
at wrappers.GenericWrappers.takeSnap(GenericWrappers.java:547)
at utils.Reporter.reportStep(Reporter.java:54)
at wrappers.GenericWrappers.takeSnap(GenericWrappers.java:547)
at utils.Reporter.reportStep(Reporter.java:54)
at wrappers.GenericWrappers.takeSnap(GenericWrappers.java:547)
at utils.Reporter.reportStep(Reporter.java:54)
at wrappers.GenericWrappers.takeSnap(GenericWrappers.java:547)
at utils.Reporter.reportStep(Reporter.java:54)
at wrappers.GenericWrappers.takeSnap(GenericWrappers.java:547)
at utils.Reporter.reportStep(Reporter.java:54)
at wrappers.GenericWrappers.takeSnap(GenericWrappers.java:547)
at utils.Reporter.reportStep(Reporter.java:54)
at wrappers.GenericWrappers.takeSnap(GenericWrappers.java:547)
at utils.Reporter.reportStep(Reporter.java:54)
at wrappers.GenericWrappers.takeSnap(GenericWrappers.java:547)
at utils.Reporter.reportStep(Reporter.java:54)
at wrappers.GenericWrappers.takeSnap(GenericWrappers.java:547)
at utils.Reporter.reportStep(Reporter.java:54)
at wrappers.GenericWrappers.takeSnap(GenericWrappers.java:547)
at utils.Reporter.reportStep(Reporter.java:54)
at wrappers.GenericWrappers.takeSnap(GenericWrappers.java:547)
at utils.Reporter.reportStep(Reporter.java:54)
at wrappers.GenericWrappers.takeSnap(GenericWrappers.java:547)
at utils.Reporter.reportStep(Reporter.java:54)
at wrappers.GenericWrappers.takeSnap(GenericWrappers.java:547)
at utils.Reporter.reportStep(Reporter.java:54)
at wrappers.GenericWrappers.takeSnap(GenericWrappers.java:547)
at utils.Reporter.reportStep(Reporter.java:54)
at wrappers.GenericWrappers.takeSnap(GenericWrappers.java:547)
at utils.Reporter.reportStep(Reporter.java:54)
at wrappers.GenericWrappers.takeSnap(GenericWrappers.java:547)
at utils.Reporter.reportStep(Reporter.java:54)
at wrappers.GenericWrappers.takeSnap(GenericWrappers.java:547)
at utils.Reporter.reportStep(Reporter.java:54)
at wrappers.GenericWrappers.takeSnap(GenericWrappers.java:547)
at utils.Reporter.reportStep(Reporter.java:54)
at wrappers.GenericWrappers.takeSnap(GenericWrappers.java:547)
at utils.Reporter.reportStep(Reporter.java:54)
at wrappers.GenericWrappers.takeSnap(GenericWrappers.java:547)
at utils.Reporter.reportStep(Reporter.java:54)
at wrappers.GenericWrappers.takeSnap(GenericWrappers.java:547)
at utils.Reporter.reportStep(Reporter.java:54)
at wrappers.GenericWrappers.takeSnap(GenericWrappers.java:547)
at utils.Reporter.reportStep(Reporter.java:54)
at wrappers.GenericWrappers.takeSnap(GenericWrappers.java:547)
at utils.Reporter.reportStep(Reporter.java:54)
at wrappers.GenericWrappers.takeSnap(GenericWrappers.java:547)
at utils.Reporter.reportStep(Reporter.java:54)
at wrappers.GenericWrappers.takeSnap(GenericWrappers.java:547)
at utils.Reporter.reportStep(Reporter.java:54)
at wrappers.GenericWrappers.takeSnap(GenericWrappers.java:547)
at utils.Reporter.reportStep(Reporter.java:54)
at wrappers.GenericWrappers.takeSnap(GenericWrappers.java:547)
at utils.Reporter.reportStep(Reporter.java:54)
at wrappers.GenericWrappers.takeSnap(GenericWrappers.java:547)
at utils.Reporter.reportStep(Reporter.java:54)
at wrappers.GenericWrappers.takeSnap(GenericWrappers.java:547)
at utils.Reporter.reportStep(Reporter.java:54)
at wrappers.GenericWrappers.takeSnap(GenericWrappers.java:547)
at utils.Reporter.reportStep(Reporter.java:54)
at wrappers.GenericWrappers.takeSnap(GenericWrappers.java:547)
at utils.Reporter.reportStep(Reporter.java:54)
at wrappers.GenericWrappers.takeSnap(GenericWrappers.java:547)
at utils.Reporter.reportStep(Reporter.java:54)
at wrappers.GenericWrappers.takeSnap(GenericWrappers.java:547)
at utils.Reporter.reportStep(Reporter.java:54)
at wrappers.GenericWrappers.takeSnap(GenericWrappers.java:547)
at utils.Reporter.reportStep(Reporter.java:54)
at wrappers.GenericWrappers.takeSnap(GenericWrappers.java:547)
at utils.Reporter.reportStep(Reporter.java:54)
at wrappers.GenericWrappers.takeSnap(GenericWrappers.java:547)
at utils.Reporter.reportStep(Reporter.java:54)
at wrappers.GenericWrappers.takeSnap(GenericWrappers.java:547)
at utils.Reporter.reportStep(Reporter.java:54)
at wrappers.GenericWrappers.takeSnap(GenericWrappers.java:547)
at utils.Reporter.reportStep(Reporter.java:54)
at wrappers.GenericWrappers.takeSnap(GenericWrappers.java:547)
at utils.Reporter.reportStep(Reporter.java:54)
at wrappers.GenericWrappers.takeSnap(GenericWrappers.java:547)
at utils.Reporter.reportStep(Reporter.java:54)
at wrappers.GenericWrappers.takeSnap(GenericWrappers.java:547)
at utils.Reporter.reportStep(Reporter.java:54)
at wrappers.GenericWrappers.takeSnap(GenericWrappers.java:547)
at utils.Reporter.reportStep(Reporter.java:54)
at wrappers.GenericWrappers.takeSnap(GenericWrappers.java:547)
at utils.Reporter.reportStep(Reporter.java:54)
at wrappers.GenericWrappers.takeSnap(GenericWrappers.java:547)
at utils.Reporter.reportStep(Reporter.java:54)
at wrappers.GenericWrappers.takeSnap(GenericWrappers.java:547)
at utils.Reporter.reportStep(Reporter.java:54)
at wrappers.GenericWrappers.takeSnap(GenericWrappers.java:547)
at utils.Reporter.reportStep(Reporter.java:54)
at wrappers.GenericWrappers.takeSnap(GenericWrappers.java:547)
at utils.Reporter.reportStep(Reporter.java:54)
at wrappers.GenericWrappers.takeSnap(GenericWrappers.java:547)
at utils.Reporter.reportStep(Reporter.java:54)
at wrappers.GenericWrappers.takeSnap(GenericWrappers.java:547)
at utils.Reporter.reportStep(Reporter.java:54)
at wrappers.GenericWrappers.takeSnap(GenericWrappers.java:547)
at utils.Reporter.reportStep(Reporter.java:54)
at wrappers.GenericWrappers.takeSnap(GenericWrappers.java:547)
at utils.Reporter.reportStep(Reporter.java:54)
at wrappers.GenericWrappers.takeSnap(GenericWrappers.java:547)
at utils.Reporter.reportStep(Reporter.java:54)
at wrappers.GenericWrappers.takeSnap(GenericWrappers.java:547)
at utils.Reporter.reportStep(Reporter.java:54)
at wrappers.GenericWrappers.takeSnap(GenericWrappers.java:547)
at utils.Reporter.reportStep(Reporter.java:54)
at wrappers.GenericWrappers.takeSnap(GenericWrappers.java:547)
at utils.Reporter.reportStep(Reporter.java:54)
at wrappers.GenericWrappers.takeSnap(GenericWrappers.java:547)
at utils.Reporter.reportStep(Reporter.java:54)
at wrappers.GenericWrappers.takeSnap(GenericWrappers.java:547)
at utils.Reporter.reportStep(Reporter.java:54)
at wrappers.GenericWrappers.takeSnap(GenericWrappers.java:547)
at utils.Reporter.reportStep(Reporter.java:54)
at wrappers.GenericWrappers.takeSnap(GenericWrappers.java:547)
at utils.Reporter.reportStep(Reporter.java:54)
at wrappers.GenericWrappers.takeSnap(GenericWrappers.java:547)
at utils.Reporter.reportStep(Reporter.java:54)
at wrappers.GenericWrappers.takeSnap(GenericWrappers.java:547)
at utils.Reporter.reportStep(Reporter.java:54)
at wrappers.GenericWrappers.takeSnap(GenericWrappers.java:547)
at utils.Reporter.reportStep(Reporter.java:54)
at wrappers.GenericWrappers.takeSnap(GenericWrappers.java:547)
at utils.Reporter.reportStep(Reporter.java:54)
at wrappers.GenericWrappers.takeSnap(GenericWrappers.java:547)
at utils.Reporter.reportStep(Reporter.java:54)
at wrappers.GenericWrappers.takeSnap(GenericWrappers.java:547)
at utils.Reporter.reportStep(Reporter.java:54)
at wrappers.GenericWrappers.takeSnap(GenericWrappers.java:547)
at utils.Reporter.reportStep(Reporter.java:54)
at wrappers.GenericWrappers.takeSnap(GenericWrappers.java:547)
at utils.Reporter.reportStep(Reporter.java:54)
at wrappers.GenericWrappers.takeSnap(GenericWrappers.java:547)
at utils.Reporter.reportStep(Reporter.java:54)
at wrappers.GenericWrappers.takeSnap(GenericWrappers.java:547)
at utils.Reporter.reportStep(Reporter.java:54)
at wrappers.GenericWrappers.takeSnap(GenericWrappers.java:547)
at utils.Reporter.reportStep(Reporter.java:54)
at wrappers.GenericWrappers.takeSnap(GenericWrappers.java:547)
at utils.Reporter.reportStep(Reporter.java:54)
at wrappers.GenericWrappers.takeSnap(GenericWrappers.java:547)
at utils.Reporter.reportStep(Reporter.java:54)
at wrappers.GenericWrappers.takeSnap(GenericWrappers.java:547)
at utils.Reporter.reportStep(Reporter.java:54)
at wrappers.GenericWrappers.takeSnap(GenericWrappers.java:547)
at utils.Reporter.reportStep(Reporter.java:54)
at wrappers.GenericWrappers.takeSnap(GenericWrappers.java:547)
at utils.Reporter.reportStep(Reporter.java:54)
at wrappers.GenericWrappers.takeSnap(GenericWrappers.java:547)
at utils.Reporter.reportStep(Reporter.java:54)
at wrappers.GenericWrappers.takeSnap(GenericWrappers.java:547)
at utils.Reporter.reportStep(Reporter.java:54)
at wrappers.GenericWrappers.takeSnap(GenericWrappers.java:547)
at utils.Reporter.reportStep(Reporter.java:54)
at wrappers.GenericWrappers.takeSnap(GenericWrappers.java:547)
at utils.Reporter.reportStep(Reporter.java:54)
at wrappers.GenericWrappers.takeSnap(GenericWrappers.java:547)
at utils.Reporter.reportStep(Reporter.java:54)
at wrappers.GenericWrappers.takeSnap(GenericWrappers.java:547)
at utils.Reporter.reportStep(Reporter.java:54)
at wrappers.GenericWrappers.takeSnap(GenericWrappers.java:547)
at utils.Reporter.reportStep(Reporter.java:54)
at wrappers.GenericWrappers.takeSnap(GenericWrappers.java:547)
at utils.Reporter.reportStep(Reporter.java:54)
at wrappers.GenericWrappers.takeSnap(GenericWrappers.java:547)
at utils.Reporter.reportStep(Reporter.java:54)
at wrappers.GenericWrappers.takeSnap(GenericWrappers.java:547)
at utils.Reporter.reportStep(Reporter.java:54)
at wrappers.GenericWrappers.takeSnap(GenericWrappers.java:547)
at utils.Reporter.reportStep(Reporter.java:54)
at wrappers.GenericWrappers.takeSnap(GenericWrappers.java:547)
at utils.Reporter.reportStep(Reporter.java:54)
at wrappers.GenericWrappers.takeSnap(GenericWrappers.java:547)
at utils.Reporter.reportStep(Reporter.java:54)
at wrappers.GenericWrappers.takeSnap(GenericWrappers.java:547)
at utils.Reporter.reportStep(Reporter.java:54)
at wrappers.GenericWrappers.takeSnap(GenericWrappers.java:547)
at utils.Reporter.reportStep(Reporter.java:54)
at wrappers.GenericWrappers.takeSnap(GenericWrappers.java:547)
at utils.Reporter.reportStep(Reporter.java:54)
at wrappers.GenericWrappers.takeSnap(GenericWrappers.java:547)
at utils.Reporter.reportStep(Reporter.java:54)
at wrappers.GenericWrappers.takeSnap(GenericWrappers.java:547)
at utils.Reporter.reportStep(Reporter.java:54)
at wrappers.GenericWrappers.takeSnap(GenericWrappers.java:547)
at utils.Reporter.reportStep(Reporter.java:54)
at wrappers.GenericWrappers.takeSnap(GenericWrappers.java:547)
at utils.Reporter.reportStep(Reporter.java:54)
at wrappers.GenericWrappers.takeSnap(GenericWrappers.java:547)
at utils.Reporter.reportStep(Reporter.java:54)
at wrappers.GenericWrappers.takeSnap(GenericWrappers.java:547)
at utils.Reporter.reportStep(Reporter.java:54)
at wrappers.GenericWrappers.takeSnap(GenericWrappers.java:547)
at utils.Reporter.reportStep(Reporter.java:54)
at wrappers.GenericWrappers.takeSnap(GenericWrappers.java:547)
at utils.Reporter.reportStep(Reporter.java:54)
at wrappers.GenericWrappers.takeSnap(GenericWrappers.java:547)
at utils.Reporter.reportStep(Reporter.java:54)
at wrappers.GenericWrappers.takeSnap(GenericWrappers.java:547)
at utils.Reporter.reportStep(Reporter.java:54)
at wrappers.GenericWrappers.takeSnap(GenericWrappers.java:547)
at utils.Reporter.reportStep(Reporter.java:54)
at wrappers.GenericWrappers.takeSnap(GenericWrappers.java:547)
at utils.Reporter.reportStep(Reporter.java:54)
at wrappers.GenericWrappers.takeSnap(GenericWrappers.java:547)
at utils.Reporter.reportStep(Reporter.java:54)
at wrappers.GenericWrappers.takeSnap(GenericWrappers.java:547)
at utils.Reporter.reportStep(Reporter.java:54)
at wrappers.GenericWrappers.takeSnap(GenericWrappers.java:547)
at utils.Reporter.reportStep(Reporter.java:54)
at wrappers.GenericWrappers.takeSnap(GenericWrappers.java:547)
at utils.Reporter.reportStep(Reporter.java:54)
at wrappers.GenericWrappers.takeSnap(GenericWrappers.java:547)
at utils.Reporter.reportStep(Reporter.java:54)
at wrappers.GenericWrappers.takeSnap(GenericWrappers.java:547)
at utils.Reporter.reportStep(Reporter.java:54)
at wrappers.GenericWrappers.takeSnap(GenericWrappers.java:547)
at utils.Reporter.reportStep(Reporter.java:54)
at wrappers.GenericWrappers.takeSnap(GenericWrappers.java:547)
at utils.Reporter.reportStep(Reporter.java:54)
at wrappers.GenericWrappers.takeSnap(GenericWrappers.java:547)
at utils.Reporter.reportStep(Reporter.java:54)
at wrappers.GenericWrappers.takeSnap(GenericWrappers.java:547)
at utils.Reporter.reportStep(Reporter.java:54)
at wrappers.GenericWrappers.takeSnap(GenericWrappers.java:547)
at utils.Reporter.reportStep(Reporter.java:54)
at wrappers.GenericWrappers.takeSnap(GenericWrappers.java:547)
at utils.Reporter.reportStep(Reporter.java:54)
at wrappers.GenericWrappers.takeSnap(GenericWrappers.java:547)
at utils.Reporter.reportStep(Reporter.java:54)
at wrappers.GenericWrappers.takeSnap(GenericWrappers.java:547)
at utils.Reporter.reportStep(Reporter.java:54)
at wrappers.GenericWrappers.takeSnap(GenericWrappers.java:547)
at utils.Reporter.reportStep(Reporter.java:54)
at wrappers.GenericWrappers.takeSnap(GenericWrappers.java:547)
at utils.Reporter.reportStep(Reporter.java:54)
at wrappers.GenericWrappers.takeSnap(GenericWrappers.java:547)
at utils.Reporter.reportStep(Reporter.java:54)
at wrappers.GenericWrappers.takeSnap(GenericWrappers.java:547)
at utils.Reporter.reportStep(Reporter.java:54)
at wrappers.GenericWrappers.takeSnap(GenericWrappers.java:547)
at utils.Reporter.reportStep(Reporter.java:54)
at wrappers.GenericWrappers.takeSnap(GenericWrappers.java:547)
at utils.Reporter.reportStep(Reporter.java:54)
at wrappers.GenericWrappers.takeSnap(GenericWrappers.java:547)
at utils.Reporter.reportStep(Reporter.java:54)
at wrappers.GenericWrappers.takeSnap(GenericWrappers.java:547)
at utils.Reporter.reportStep(Reporter.java:54)
at wrappers.GenericWrappers.takeSnap(GenericWrappers.java:547)
at utils.Reporter.reportStep(Reporter.java:54)
at wrappers.GenericWrappers.takeSnap(GenericWrappers.java:547)
at utils.Reporter.reportStep(Reporter.java:54)
at wrappers.GenericWrappers.takeSnap(GenericWrappers.java:547)
at utils.Reporter.reportStep(Reporter.java:54)
at wrappers.GenericWrappers.takeSnap(GenericWrappers.java:547)
at utils.Reporter.reportStep(Reporter.java:54)
at wrappers.GenericWrappers.takeSnap(GenericWrappers.java:547)
at utils.Reporter.reportStep(Reporter.java:54)
at wrappers.GenericWrappers.takeSnap(GenericWrappers.java:547)
at utils.Reporter.reportStep(Reporter.java:54)
at wrappers.GenericWrappers.takeSnap(GenericWrappers.java:547)
at utils.Reporter.reportStep(Reporter.java:54)
at wrappers.GenericWrappers.takeSnap(GenericWrappers.java:547)
at utils.Reporter.reportStep(Reporter.java:54)
at wrappers.GenericWrappers.takeSnap(GenericWrappers.java:547)
at utils.Reporter.reportStep(Reporter.java:54)
at wrappers.GenericWrappers.takeSnap(GenericWrappers.java:547)
at utils.Reporter.reportStep(Reporter.java:54)
at wrappers.GenericWrappers.takeSnap(GenericWrappers.java:547)
at utils.Reporter.reportStep(Reporter.java:54)
at wrappers.GenericWrappers.takeSnap(GenericWrappers.java:547)
at utils.Reporter.reportStep(Reporter.java:54)
at wrappers.GenericWrappers.takeSnap(GenericWrappers.java:547)
at utils.Reporter.reportStep(Reporter.java:54)
at wrappers.GenericWrappers.takeSnap(GenericWrappers.java:547)
at utils.Reporter.reportStep(Reporter.java:54)
at wrappers.GenericWrappers.takeSnap(GenericWrappers.java:547)
at utils.Reporter.reportStep(Reporter.java:54)
at wrappers.GenericWrappers.takeSnap(GenericWrappers.java:547)
at utils.Reporter.reportStep(Reporter.java:54)
at wrappers.GenericWrappers.takeSnap(GenericWrappers.java:547)
at utils.Reporter.reportStep(Reporter.java:54)
at wrappers.GenericWrappers.takeSnap(GenericWrappers.java:547)
at utils.Reporter.reportStep(Reporter.java:54)
at wrappers.GenericWrappers.takeSnap(GenericWrappers.java:547)
at utils.Reporter.reportStep(Reporter.java:54)
at wrappers.GenericWrappers.takeSnap(GenericWrappers.java:547)
at utils.Reporter.reportStep(Reporter.java:54)
at wrappers.GenericWrappers.takeSnap(GenericWrappers.java:547)
at utils.Reporter.reportStep(Reporter.java:54)
at wrappers.GenericWrappers.takeSnap(GenericWrappers.java:547)
at utils.Reporter.reportStep(Reporter.java:54)
at wrappers.GenericWrappers.takeSnap(GenericWrappers.java:547)
at utils.Reporter.reportStep(Reporter.java:54)
at wrappers.GenericWrappers.takeSnap(GenericWrappers.java:547)
at utils.Reporter.reportStep(Reporter.java:54)
at wrappers.GenericWrappers.takeSnap(GenericWrappers.java:547)
at utils.Reporter.reportStep(Reporter.java:54)
at wrappers.GenericWrappers.takeSnap(GenericWrappers.java:547)
at utils.Reporter.reportStep(Reporter.java:54)
at wrappers.GenericWrappers.takeSnap(GenericWrappers.java:547)
at utils.Reporter.reportStep(Reporter.java:54)
at wrappers.GenericWrappers.takeSnap(GenericWrappers.java:547)
at utils.Reporter.reportStep(Reporter.java:54)
at wrappers.GenericWrappers.takeSnap(GenericWrappers.java:547)
at utils.Reporter.reportStep(Reporter.java:54)
at wrappers.GenericWrappers.takeSnap(GenericWrappers.java:547)
at utils.Reporter.reportStep(Reporter.java:54)
at wrappers.GenericWrappers.takeSnap(GenericWrappers.java:547)
at utils.Reporter.reportStep(Reporter.java:54)
at wrappers.GenericWrappers.takeSnap(GenericWrappers.java:547)
at utils.Reporter.reportStep(Reporter.java:54)
at wrappers.GenericWrappers.takeSnap(GenericWrappers.java:547)
at utils.Reporter.reportStep(Reporter.java:54)
at wrappers.GenericWrappers.takeSnap(GenericWrappers.java:547)
at utils.Reporter.reportStep(Reporter.java:54)
at wrappers.GenericWrappers.takeSnap(GenericWrappers.java:547)
at utils.Reporter.reportStep(Reporter.java:54)
at wrappers.GenericWrappers.takeSnap(GenericWrappers.java:547)
at utils.Reporter.reportStep(Reporter.java:54)
at wrappers.GenericWrappers.takeSnap(GenericWrappers.java:547)
at utils.Reporter.reportStep(Reporter.java:54)
at wrappers.GenericWrappers.takeSnap(GenericWrappers.java:547)
at utils.Reporter.reportStep(Reporter.java:54)
at wrappers.GenericWrappers.takeSnap(GenericWrappers.java:547)
at utils.Reporter.reportStep(Reporter.java:54)
at wrappers.GenericWrappers.takeSnap(GenericWrappers.java:547)
at utils.Reporter.reportStep(Reporter.java:54)
at wrappers.GenericWrappers.takeSnap(GenericWrappers.java:547)
at utils.Reporter.reportStep(Reporter.java:54)
]]>
    </error>
  </testcase> <!-- testCase2 -->
  <system-out/>
  <testcase classname="testcases.TestCase2" name="afterMethod" time="0.259">
    <error type="java.lang.StackOverflowError">
      <![CDATA[java.lang.StackOverflowError
at java.base/java.lang.String.indexOf(String.java:2419)
at java.base/java.util.Formatter.parse(Formatter.java:2720)
at java.base/java.util.Formatter.format(Formatter.java:2671)
at java.base/java.util.Formatter.format(Formatter.java:2625)
at java.base/java.lang.String.format(String.java:4141)
at org.openqa.selenium.remote.RemoteWebDriver.execute(RemoteWebDriver.java:598)
at org.openqa.selenium.remote.RemoteWebDriver.execute(RemoteWebDriver.java:658)
at org.openqa.selenium.remote.RemoteWebDriver.getScreenshotAs(RemoteWebDriver.java:340)
at wrappers.GenericWrappers.takeSnap(GenericWrappers.java:544)
at utils.Reporter.reportStep(Reporter.java:54)
at wrappers.GenericWrappers.takeSnap(GenericWrappers.java:547)
at utils.Reporter.reportStep(Reporter.java:54)
at wrappers.GenericWrappers.takeSnap(GenericWrappers.java:547)
at utils.Reporter.reportStep(Reporter.java:54)
at wrappers.GenericWrappers.takeSnap(GenericWrappers.java:547)
at utils.Reporter.reportStep(Reporter.java:54)
at wrappers.GenericWrappers.takeSnap(GenericWrappers.java:547)
at utils.Reporter.reportStep(Reporter.java:54)
at wrappers.GenericWrappers.takeSnap(GenericWrappers.java:547)
at utils.Reporter.reportStep(Reporter.java:54)
at wrappers.GenericWrappers.takeSnap(GenericWrappers.java:547)
at utils.Reporter.reportStep(Reporter.java:54)
at wrappers.GenericWrappers.takeSnap(GenericWrappers.java:547)
at utils.Reporter.reportStep(Reporter.java:54)
at wrappers.GenericWrappers.takeSnap(GenericWrappers.java:547)
at utils.Reporter.reportStep(Reporter.java:54)
at wrappers.GenericWrappers.takeSnap(GenericWrappers.java:547)
at utils.Reporter.reportStep(Reporter.java:54)
at wrappers.GenericWrappers.takeSnap(GenericWrappers.java:547)
at utils.Reporter.reportStep(Reporter.java:54)
at wrappers.GenericWrappers.takeSnap(GenericWrappers.java:547)
at utils.Reporter.reportStep(Reporter.java:54)
at wrappers.GenericWrappers.takeSnap(GenericWrappers.java:547)
at utils.Reporter.reportStep(Reporter.java:54)
at wrappers.GenericWrappers.takeSnap(GenericWrappers.java:547)
at utils.Reporter.reportStep(Reporter.java:54)
at wrappers.GenericWrappers.takeSnap(GenericWrappers.java:547)
at utils.Reporter.reportStep(Reporter.java:54)
at wrappers.GenericWrappers.takeSnap(GenericWrappers.java:547)
at utils.Reporter.reportStep(Reporter.java:54)
at wrappers.GenericWrappers.takeSnap(GenericWrappers.java:547)
at utils.Reporter.reportStep(Reporter.java:54)
at wrappers.GenericWrappers.takeSnap(GenericWrappers.java:547)
at utils.Reporter.reportStep(Reporter.java:54)
at wrappers.GenericWrappers.takeSnap(GenericWrappers.java:547)
at utils.Reporter.reportStep(Reporter.java:54)
at wrappers.GenericWrappers.takeSnap(GenericWrappers.java:547)
at utils.Reporter.reportStep(Reporter.java:54)
at wrappers.GenericWrappers.takeSnap(GenericWrappers.java:547)
at utils.Reporter.reportStep(Reporter.java:54)
at wrappers.GenericWrappers.takeSnap(GenericWrappers.java:547)
at utils.Reporter.reportStep(Reporter.java:54)
at wrappers.GenericWrappers.takeSnap(GenericWrappers.java:547)
at utils.Reporter.reportStep(Reporter.java:54)
at wrappers.GenericWrappers.takeSnap(GenericWrappers.java:547)
at utils.Reporter.reportStep(Reporter.java:54)
at wrappers.GenericWrappers.takeSnap(GenericWrappers.java:547)
at utils.Reporter.reportStep(Reporter.java:54)
at wrappers.GenericWrappers.takeSnap(GenericWrappers.java:547)
at utils.Reporter.reportStep(Reporter.java:54)
at wrappers.GenericWrappers.takeSnap(GenericWrappers.java:547)
at utils.Reporter.reportStep(Reporter.java:54)
at wrappers.GenericWrappers.takeSnap(GenericWrappers.java:547)
at utils.Reporter.reportStep(Reporter.java:54)
at wrappers.GenericWrappers.takeSnap(GenericWrappers.java:547)
at utils.Reporter.reportStep(Reporter.java:54)
at wrappers.GenericWrappers.takeSnap(GenericWrappers.java:547)
at utils.Reporter.reportStep(Reporter.java:54)
at wrappers.GenericWrappers.takeSnap(GenericWrappers.java:547)
at utils.Reporter.reportStep(Reporter.java:54)
at wrappers.GenericWrappers.takeSnap(GenericWrappers.java:547)
at utils.Reporter.reportStep(Reporter.java:54)
at wrappers.GenericWrappers.takeSnap(GenericWrappers.java:547)
at utils.Reporter.reportStep(Reporter.java:54)
at wrappers.GenericWrappers.takeSnap(GenericWrappers.java:547)
at utils.Reporter.reportStep(Reporter.java:54)
at wrappers.GenericWrappers.takeSnap(GenericWrappers.java:547)
at utils.Reporter.reportStep(Reporter.java:54)
at wrappers.GenericWrappers.takeSnap(GenericWrappers.java:547)
at utils.Reporter.reportStep(Reporter.java:54)
at wrappers.GenericWrappers.takeSnap(GenericWrappers.java:547)
at utils.Reporter.reportStep(Reporter.java:54)
at wrappers.GenericWrappers.takeSnap(GenericWrappers.java:547)
at utils.Reporter.reportStep(Reporter.java:54)
at wrappers.GenericWrappers.takeSnap(GenericWrappers.java:547)
at utils.Reporter.reportStep(Reporter.java:54)
at wrappers.GenericWrappers.takeSnap(GenericWrappers.java:547)
at utils.Reporter.reportStep(Reporter.java:54)
at wrappers.GenericWrappers.takeSnap(GenericWrappers.java:547)
at utils.Reporter.reportStep(Reporter.java:54)
at wrappers.GenericWrappers.takeSnap(GenericWrappers.java:547)
at utils.Reporter.reportStep(Reporter.java:54)
at wrappers.GenericWrappers.takeSnap(GenericWrappers.java:547)
at utils.Reporter.reportStep(Reporter.java:54)
at wrappers.GenericWrappers.takeSnap(GenericWrappers.java:547)
at utils.Reporter.reportStep(Reporter.java:54)
at wrappers.GenericWrappers.takeSnap(GenericWrappers.java:547)
at utils.Reporter.reportStep(Reporter.java:54)
at wrappers.GenericWrappers.takeSnap(GenericWrappers.java:547)
at utils.Reporter.reportStep(Reporter.java:54)
at wrappers.GenericWrappers.takeSnap(GenericWrappers.java:547)
at utils.Reporter.reportStep(Reporter.java:54)
at wrappers.GenericWrappers.takeSnap(GenericWrappers.java:547)
at utils.Reporter.reportStep(Reporter.java:54)
at wrappers.GenericWrappers.takeSnap(GenericWrappers.java:547)
at utils.Reporter.reportStep(Reporter.java:54)
at wrappers.GenericWrappers.takeSnap(GenericWrappers.java:547)
at utils.Reporter.reportStep(Reporter.java:54)
at wrappers.GenericWrappers.takeSnap(GenericWrappers.java:547)
at utils.Reporter.reportStep(Reporter.java:54)
at wrappers.GenericWrappers.takeSnap(GenericWrappers.java:547)
at utils.Reporter.reportStep(Reporter.java:54)
at wrappers.GenericWrappers.takeSnap(GenericWrappers.java:547)
at utils.Reporter.reportStep(Reporter.java:54)
at wrappers.GenericWrappers.takeSnap(GenericWrappers.java:547)
at utils.Reporter.reportStep(Reporter.java:54)
at wrappers.GenericWrappers.takeSnap(GenericWrappers.java:547)
at utils.Reporter.reportStep(Reporter.java:54)
at wrappers.GenericWrappers.takeSnap(GenericWrappers.java:547)
at utils.Reporter.reportStep(Reporter.java:54)
at wrappers.GenericWrappers.takeSnap(GenericWrappers.java:547)
at utils.Reporter.reportStep(Reporter.java:54)
at wrappers.GenericWrappers.takeSnap(GenericWrappers.java:547)
at utils.Reporter.reportStep(Reporter.java:54)
at wrappers.GenericWrappers.takeSnap(GenericWrappers.java:547)
at utils.Reporter.reportStep(Reporter.java:54)
at wrappers.GenericWrappers.takeSnap(GenericWrappers.java:547)
at utils.Reporter.reportStep(Reporter.java:54)
at wrappers.GenericWrappers.takeSnap(GenericWrappers.java:547)
at utils.Reporter.reportStep(Reporter.java:54)
at wrappers.GenericWrappers.takeSnap(GenericWrappers.java:547)
at utils.Reporter.reportStep(Reporter.java:54)
at wrappers.GenericWrappers.takeSnap(GenericWrappers.java:547)
at utils.Reporter.reportStep(Reporter.java:54)
at wrappers.GenericWrappers.takeSnap(GenericWrappers.java:547)
at utils.Reporter.reportStep(Reporter.java:54)
at wrappers.GenericWrappers.takeSnap(GenericWrappers.java:547)
at utils.Reporter.reportStep(Reporter.java:54)
at wrappers.GenericWrappers.takeSnap(GenericWrappers.java:547)
at utils.Reporter.reportStep(Reporter.java:54)
at wrappers.GenericWrappers.takeSnap(GenericWrappers.java:547)
at utils.Reporter.reportStep(Reporter.java:54)
at wrappers.GenericWrappers.takeSnap(GenericWrappers.java:547)
at utils.Reporter.reportStep(Reporter.java:54)
at wrappers.GenericWrappers.takeSnap(GenericWrappers.java:547)
at utils.Reporter.reportStep(Reporter.java:54)
at wrappers.GenericWrappers.takeSnap(GenericWrappers.java:547)
at utils.Reporter.reportStep(Reporter.java:54)
at wrappers.GenericWrappers.takeSnap(GenericWrappers.java:547)
at utils.Reporter.reportStep(Reporter.java:54)
at wrappers.GenericWrappers.takeSnap(GenericWrappers.java:547)
at utils.Reporter.reportStep(Reporter.java:54)
at wrappers.GenericWrappers.takeSnap(GenericWrappers.java:547)
at utils.Reporter.reportStep(Reporter.java:54)
at wrappers.GenericWrappers.takeSnap(GenericWrappers.java:547)
at utils.Reporter.reportStep(Reporter.java:54)
at wrappers.GenericWrappers.takeSnap(GenericWrappers.java:547)
at utils.Reporter.reportStep(Reporter.java:54)
at wrappers.GenericWrappers.takeSnap(GenericWrappers.java:547)
at utils.Reporter.reportStep(Reporter.java:54)
at wrappers.GenericWrappers.takeSnap(GenericWrappers.java:547)
at utils.Reporter.reportStep(Reporter.java:54)
at wrappers.GenericWrappers.takeSnap(GenericWrappers.java:547)
at utils.Reporter.reportStep(Reporter.java:54)
at wrappers.GenericWrappers.takeSnap(GenericWrappers.java:547)
at utils.Reporter.reportStep(Reporter.java:54)
at wrappers.GenericWrappers.takeSnap(GenericWrappers.java:547)
at utils.Reporter.reportStep(Reporter.java:54)
at wrappers.GenericWrappers.takeSnap(GenericWrappers.java:547)
at utils.Reporter.reportStep(Reporter.java:54)
at wrappers.GenericWrappers.takeSnap(GenericWrappers.java:547)
at utils.Reporter.reportStep(Reporter.java:54)
at wrappers.GenericWrappers.takeSnap(GenericWrappers.java:547)
at utils.Reporter.reportStep(Reporter.java:54)
at wrappers.GenericWrappers.takeSnap(GenericWrappers.java:547)
at utils.Reporter.reportStep(Reporter.java:54)
at wrappers.GenericWrappers.takeSnap(GenericWrappers.java:547)
at utils.Reporter.reportStep(Reporter.java:54)
at wrappers.GenericWrappers.takeSnap(GenericWrappers.java:547)
at utils.Reporter.reportStep(Reporter.java:54)
at wrappers.GenericWrappers.takeSnap(GenericWrappers.java:547)
at utils.Reporter.reportStep(Reporter.java:54)
at wrappers.GenericWrappers.takeSnap(GenericWrappers.java:547)
at utils.Reporter.reportStep(Reporter.java:54)
at wrappers.GenericWrappers.takeSnap(GenericWrappers.java:547)
at utils.Reporter.reportStep(Reporter.java:54)
at wrappers.GenericWrappers.takeSnap(GenericWrappers.java:547)
at utils.Reporter.reportStep(Reporter.java:54)
at wrappers.GenericWrappers.takeSnap(GenericWrappers.java:547)
at utils.Reporter.reportStep(Reporter.java:54)
at wrappers.GenericWrappers.takeSnap(GenericWrappers.java:547)
at utils.Reporter.reportStep(Reporter.java:54)
at wrappers.GenericWrappers.takeSnap(GenericWrappers.java:547)
at utils.Reporter.reportStep(Reporter.java:54)
at wrappers.GenericWrappers.takeSnap(GenericWrappers.java:547)
at utils.Reporter.reportStep(Reporter.java:54)
at wrappers.GenericWrappers.takeSnap(GenericWrappers.java:547)
at utils.Reporter.reportStep(Reporter.java:54)
at wrappers.GenericWrappers.takeSnap(GenericWrappers.java:547)
at utils.Reporter.reportStep(Reporter.java:54)
at wrappers.GenericWrappers.takeSnap(GenericWrappers.java:547)
at utils.Reporter.reportStep(Reporter.java:54)
at wrappers.GenericWrappers.takeSnap(GenericWrappers.java:547)
at utils.Reporter.reportStep(Reporter.java:54)
at wrappers.GenericWrappers.takeSnap(GenericWrappers.java:547)
at utils.Reporter.reportStep(Reporter.java:54)
at wrappers.GenericWrappers.takeSnap(GenericWrappers.java:547)
at utils.Reporter.reportStep(Reporter.java:54)
at wrappers.GenericWrappers.takeSnap(GenericWrappers.java:547)
at utils.Reporter.reportStep(Reporter.java:54)
at wrappers.GenericWrappers.takeSnap(GenericWrappers.java:547)
at utils.Reporter.reportStep(Reporter.java:54)
at wrappers.GenericWrappers.takeSnap(GenericWrappers.java:547)
at utils.Reporter.reportStep(Reporter.java:54)
at wrappers.GenericWrappers.takeSnap(GenericWrappers.java:547)
at utils.Reporter.reportStep(Reporter.java:54)
at wrappers.GenericWrappers.takeSnap(GenericWrappers.java:547)
at utils.Reporter.reportStep(Reporter.java:54)
at wrappers.GenericWrappers.takeSnap(GenericWrappers.java:547)
at utils.Reporter.reportStep(Reporter.java:54)
at wrappers.GenericWrappers.takeSnap(GenericWrappers.java:547)
at utils.Reporter.reportStep(Reporter.java:54)
at wrappers.GenericWrappers.takeSnap(GenericWrappers.java:547)
at utils.Reporter.reportStep(Reporter.java:54)
at wrappers.GenericWrappers.takeSnap(GenericWrappers.java:547)
at utils.Reporter.reportStep(Reporter.java:54)
at wrappers.GenericWrappers.takeSnap(GenericWrappers.java:547)
at utils.Reporter.reportStep(Reporter.java:54)
at wrappers.GenericWrappers.takeSnap(GenericWrappers.java:547)
at utils.Reporter.reportStep(Reporter.java:54)
at wrappers.GenericWrappers.takeSnap(GenericWrappers.java:547)
at utils.Reporter.reportStep(Reporter.java:54)
at wrappers.GenericWrappers.takeSnap(GenericWrappers.java:547)
at utils.Reporter.reportStep(Reporter.java:54)
at wrappers.GenericWrappers.takeSnap(GenericWrappers.java:547)
at utils.Reporter.reportStep(Reporter.java:54)
at wrappers.GenericWrappers.takeSnap(GenericWrappers.java:547)
at utils.Reporter.reportStep(Reporter.java:54)
at wrappers.GenericWrappers.takeSnap(GenericWrappers.java:547)
at utils.Reporter.reportStep(Reporter.java:54)
at wrappers.GenericWrappers.takeSnap(GenericWrappers.java:547)
at utils.Reporter.reportStep(Reporter.java:54)
at wrappers.GenericWrappers.takeSnap(GenericWrappers.java:547)
at utils.Reporter.reportStep(Reporter.java:54)
at wrappers.GenericWrappers.takeSnap(GenericWrappers.java:547)
at utils.Reporter.reportStep(Reporter.java:54)
at wrappers.GenericWrappers.takeSnap(GenericWrappers.java:547)
at utils.Reporter.reportStep(Reporter.java:54)
at wrappers.GenericWrappers.takeSnap(GenericWrappers.java:547)
at utils.Reporter.reportStep(Reporter.java:54)
at wrappers.GenericWrappers.takeSnap(GenericWrappers.java:547)
at utils.Reporter.reportStep(Reporter.java:54)
at wrappers.GenericWrappers.takeSnap(GenericWrappers.java:547)
at utils.Reporter.reportStep(Reporter.java:54)
at wrappers.GenericWrappers.takeSnap(GenericWrappers.java:547)
at utils.Reporter.reportStep(Reporter.java:54)
at wrappers.GenericWrappers.takeSnap(GenericWrappers.java:547)
at utils.Reporter.reportStep(Reporter.java:54)
at wrappers.GenericWrappers.takeSnap(GenericWrappers.java:547)
at utils.Reporter.reportStep(Reporter.java:54)
at wrappers.GenericWrappers.takeSnap(GenericWrappers.java:547)
at utils.Reporter.reportStep(Reporter.java:54)
at wrappers.GenericWrappers.takeSnap(GenericWrappers.java:547)
at utils.Reporter.reportStep(Reporter.java:54)
at wrappers.GenericWrappers.takeSnap(GenericWrappers.java:547)
at utils.Reporter.reportStep(Reporter.java:54)
at wrappers.GenericWrappers.takeSnap(GenericWrappers.java:547)
at utils.Reporter.reportStep(Reporter.java:54)
at wrappers.GenericWrappers.takeSnap(GenericWrappers.java:547)
at utils.Reporter.reportStep(Reporter.java:54)
at wrappers.GenericWrappers.takeSnap(GenericWrappers.java:547)
at utils.Reporter.reportStep(Reporter.java:54)
at wrappers.GenericWrappers.takeSnap(GenericWrappers.java:547)
at utils.Reporter.reportStep(Reporter.java:54)
at wrappers.GenericWrappers.takeSnap(GenericWrappers.java:547)
at utils.Reporter.reportStep(Reporter.java:54)
at wrappers.GenericWrappers.takeSnap(GenericWrappers.java:547)
at utils.Reporter.reportStep(Reporter.java:54)
at wrappers.GenericWrappers.takeSnap(GenericWrappers.java:547)
at utils.Reporter.reportStep(Reporter.java:54)
at wrappers.GenericWrappers.takeSnap(GenericWrappers.java:547)
at utils.Reporter.reportStep(Reporter.java:54)
at wrappers.GenericWrappers.takeSnap(GenericWrappers.java:547)
at utils.Reporter.reportStep(Reporter.java:54)
at wrappers.GenericWrappers.takeSnap(GenericWrappers.java:547)
at utils.Reporter.reportStep(Reporter.java:54)
at wrappers.GenericWrappers.takeSnap(GenericWrappers.java:547)
at utils.Reporter.reportStep(Reporter.java:54)
at wrappers.GenericWrappers.takeSnap(GenericWrappers.java:547)
at utils.Reporter.reportStep(Reporter.java:54)
at wrappers.GenericWrappers.takeSnap(GenericWrappers.java:547)
at utils.Reporter.reportStep(Reporter.java:54)
at wrappers.GenericWrappers.takeSnap(GenericWrappers.java:547)
at utils.Reporter.reportStep(Reporter.java:54)
at wrappers.GenericWrappers.takeSnap(GenericWrappers.java:547)
at utils.Reporter.reportStep(Reporter.java:54)
at wrappers.GenericWrappers.takeSnap(GenericWrappers.java:547)
at utils.Reporter.reportStep(Reporter.java:54)
at wrappers.GenericWrappers.takeSnap(GenericWrappers.java:547)
at utils.Reporter.reportStep(Reporter.java:54)
at wrappers.GenericWrappers.takeSnap(GenericWrappers.java:547)
at utils.Reporter.reportStep(Reporter.java:54)
at wrappers.GenericWrappers.takeSnap(GenericWrappers.java:547)
at utils.Reporter.reportStep(Reporter.java:54)
at wrappers.GenericWrappers.takeSnap(GenericWrappers.java:547)
at utils.Reporter.reportStep(Reporter.java:54)
at wrappers.GenericWrappers.takeSnap(GenericWrappers.java:547)
at utils.Reporter.reportStep(Reporter.java:54)
at wrappers.GenericWrappers.takeSnap(GenericWrappers.java:547)
at utils.Reporter.reportStep(Reporter.java:54)
at wrappers.GenericWrappers.takeSnap(GenericWrappers.java:547)
at utils.Reporter.reportStep(Reporter.java:54)
at wrappers.GenericWrappers.takeSnap(GenericWrappers.java:547)
at utils.Reporter.reportStep(Reporter.java:54)
at wrappers.GenericWrappers.takeSnap(GenericWrappers.java:547)
at utils.Reporter.reportStep(Reporter.java:54)
at wrappers.GenericWrappers.takeSnap(GenericWrappers.java:547)
at utils.Reporter.reportStep(Reporter.java:54)
at wrappers.GenericWrappers.takeSnap(GenericWrappers.java:547)
at utils.Reporter.reportStep(Reporter.java:54)
at wrappers.GenericWrappers.takeSnap(GenericWrappers.java:547)
at utils.Reporter.reportStep(Reporter.java:54)
at wrappers.GenericWrappers.takeSnap(GenericWrappers.java:547)
at utils.Reporter.reportStep(Reporter.java:54)
at wrappers.GenericWrappers.takeSnap(GenericWrappers.java:547)
at utils.Reporter.reportStep(Reporter.java:54)
at wrappers.GenericWrappers.takeSnap(GenericWrappers.java:547)
at utils.Reporter.reportStep(Reporter.java:54)
at wrappers.GenericWrappers.takeSnap(GenericWrappers.java:547)
at utils.Reporter.reportStep(Reporter.java:54)
at wrappers.GenericWrappers.takeSnap(GenericWrappers.java:547)
at utils.Reporter.reportStep(Reporter.java:54)
at wrappers.GenericWrappers.takeSnap(GenericWrappers.java:547)
at utils.Reporter.reportStep(Reporter.java:54)
at wrappers.GenericWrappers.takeSnap(GenericWrappers.java:547)
at utils.Reporter.reportStep(Reporter.java:54)
at wrappers.GenericWrappers.takeSnap(GenericWrappers.java:547)
at utils.Reporter.reportStep(Reporter.java:54)
at wrappers.GenericWrappers.takeSnap(GenericWrappers.java:547)
at utils.Reporter.reportStep(Reporter.java:54)
at wrappers.GenericWrappers.takeSnap(GenericWrappers.java:547)
at utils.Reporter.reportStep(Reporter.java:54)
at wrappers.GenericWrappers.takeSnap(GenericWrappers.java:547)
at utils.Reporter.reportStep(Reporter.java:54)
at wrappers.GenericWrappers.takeSnap(GenericWrappers.java:547)
at utils.Reporter.reportStep(Reporter.java:54)
at wrappers.GenericWrappers.takeSnap(GenericWrappers.java:547)
at utils.Reporter.reportStep(Reporter.java:54)
at wrappers.GenericWrappers.takeSnap(GenericWrappers.java:547)
at utils.Reporter.reportStep(Reporter.java:54)
at wrappers.GenericWrappers.takeSnap(GenericWrappers.java:547)
at utils.Reporter.reportStep(Reporter.java:54)
at wrappers.GenericWrappers.takeSnap(GenericWrappers.java:547)
at utils.Reporter.reportStep(Reporter.java:54)
at wrappers.GenericWrappers.takeSnap(GenericWrappers.java:547)
at utils.Reporter.reportStep(Reporter.java:54)
at wrappers.GenericWrappers.takeSnap(GenericWrappers.java:547)
at utils.Reporter.reportStep(Reporter.java:54)
at wrappers.GenericWrappers.takeSnap(GenericWrappers.java:547)
at utils.Reporter.reportStep(Reporter.java:54)
at wrappers.GenericWrappers.takeSnap(GenericWrappers.java:547)
at utils.Reporter.reportStep(Reporter.java:54)
at wrappers.GenericWrappers.takeSnap(GenericWrappers.java:547)
at utils.Reporter.reportStep(Reporter.java:54)
at wrappers.GenericWrappers.takeSnap(GenericWrappers.java:547)
at utils.Reporter.reportStep(Reporter.java:54)
at wrappers.GenericWrappers.takeSnap(GenericWrappers.java:547)
at utils.Reporter.reportStep(Reporter.java:54)
at wrappers.GenericWrappers.takeSnap(GenericWrappers.java:547)
at utils.Reporter.reportStep(Reporter.java:54)
at wrappers.GenericWrappers.takeSnap(GenericWrappers.java:547)
at utils.Reporter.reportStep(Reporter.java:54)
at wrappers.GenericWrappers.takeSnap(GenericWrappers.java:547)
at utils.Reporter.reportStep(Reporter.java:54)
at wrappers.GenericWrappers.takeSnap(GenericWrappers.java:547)
at utils.Reporter.reportStep(Reporter.java:54)
at wrappers.GenericWrappers.takeSnap(GenericWrappers.java:547)
at utils.Reporter.reportStep(Reporter.java:54)
at wrappers.GenericWrappers.takeSnap(GenericWrappers.java:547)
at utils.Reporter.reportStep(Reporter.java:54)
at wrappers.GenericWrappers.takeSnap(GenericWrappers.java:547)
at utils.Reporter.reportStep(Reporter.java:54)
at wrappers.GenericWrappers.takeSnap(GenericWrappers.java:547)
at utils.Reporter.reportStep(Reporter.java:54)
at wrappers.GenericWrappers.takeSnap(GenericWrappers.java:547)
at utils.Reporter.reportStep(Reporter.java:54)
at wrappers.GenericWrappers.takeSnap(GenericWrappers.java:547)
at utils.Reporter.reportStep(Reporter.java:54)
at wrappers.GenericWrappers.takeSnap(GenericWrappers.java:547)
at utils.Reporter.reportStep(Reporter.java:54)
at wrappers.GenericWrappers.takeSnap(GenericWrappers.java:547)
at utils.Reporter.reportStep(Reporter.java:54)
at wrappers.GenericWrappers.takeSnap(GenericWrappers.java:547)
at utils.Reporter.reportStep(Reporter.java:54)
at wrappers.GenericWrappers.takeSnap(GenericWrappers.java:547)
at utils.Reporter.reportStep(Reporter.java:54)
at wrappers.GenericWrappers.takeSnap(GenericWrappers.java:547)
at utils.Reporter.reportStep(Reporter.java:54)
at wrappers.GenericWrappers.takeSnap(GenericWrappers.java:547)
at utils.Reporter.reportStep(Reporter.java:54)
at wrappers.GenericWrappers.takeSnap(GenericWrappers.java:547)
at utils.Reporter.reportStep(Reporter.java:54)
at wrappers.GenericWrappers.takeSnap(GenericWrappers.java:547)
at utils.Reporter.reportStep(Reporter.java:54)
at wrappers.GenericWrappers.takeSnap(GenericWrappers.java:547)
at utils.Reporter.reportStep(Reporter.java:54)
at wrappers.GenericWrappers.takeSnap(GenericWrappers.java:547)
at utils.Reporter.reportStep(Reporter.java:54)
at wrappers.GenericWrappers.takeSnap(GenericWrappers.java:547)
at utils.Reporter.reportStep(Reporter.java:54)
at wrappers.GenericWrappers.takeSnap(GenericWrappers.java:547)
at utils.Reporter.reportStep(Reporter.java:54)
at wrappers.GenericWrappers.takeSnap(GenericWrappers.java:547)
at utils.Reporter.reportStep(Reporter.java:54)
[...]
at utils.Reporter.reportStep(Reporter.java:54)
at wrappers.GenericWrappers.takeSnap(GenericWrappers.java:547)
at utils.Reporter.reportStep(Reporter.java:54)
at wrappers.GenericWrappers.takeSnap(GenericWrappers.java:547)
at utils.Reporter.reportStep(Reporter.java:54)
at wrappers.GenericWrappers.takeSnap(GenericWrappers.java:547)
at utils.Reporter.reportStep(Reporter.java:54)
at wrappers.GenericWrappers.takeSnap(GenericWrappers.java:547)
at utils.Reporter.reportStep(Reporter.java:54)
at wrappers.GenericWrappers.takeSnap(GenericWrappers.java:547)
at utils.Reporter.reportStep(Reporter.java:54)
at wrappers.GenericWrappers.takeSnap(GenericWrappers.java:547)
at utils.Reporter.reportStep(Reporter.java:54)
at wrappers.GenericWrappers.takeSnap(GenericWrappers.java:547)
at utils.Reporter.reportStep(Reporter.java:54)
at wrappers.GenericWrappers.takeSnap(GenericWrappers.java:547)
at utils.Reporter.reportStep(Reporter.java:54)
at wrappers.GenericWrappers.takeSnap(GenericWrappers.java:547)
at utils.Reporter.reportStep(Reporter.java:54)
at wrappers.GenericWrappers.takeSnap(GenericWrappers.java:547)
at utils.Reporter.reportStep(Reporter.java:54)
at wrappers.GenericWrappers.takeSnap(GenericWrappers.java:547)
at utils.Reporter.reportStep(Reporter.java:54)
at wrappers.GenericWrappers.takeSnap(GenericWrappers.java:547)
at utils.Reporter.reportStep(Reporter.java:54)
at wrappers.GenericWrappers.takeSnap(GenericWrappers.java:547)
at utils.Reporter.reportStep(Reporter.java:54)
at wrappers.GenericWrappers.takeSnap(GenericWrappers.java:547)
at utils.Reporter.reportStep(Reporter.java:54)
at wrappers.GenericWrappers.takeSnap(GenericWrappers.java:547)
at utils.Reporter.reportStep(Reporter.java:54)
at wrappers.GenericWrappers.takeSnap(GenericWrappers.java:547)
at utils.Reporter.reportStep(Reporter.java:54)
at wrappers.GenericWrappers.takeSnap(GenericWrappers.java:547)
at utils.Reporter.reportStep(Reporter.java:54)
at wrappers.GenericWrappers.takeSnap(GenericWrappers.java:547)
at utils.Reporter.reportStep(Reporter.java:54)
at wrappers.GenericWrappers.takeSnap(GenericWrappers.java:547)
at utils.Reporter.reportStep(Reporter.java:54)
at wrappers.GenericWrappers.takeSnap(GenericWrappers.java:547)
at utils.Reporter.reportStep(Reporter.java:54)
at wrappers.GenericWrappers.takeSnap(GenericWrappers.java:547)
at utils.Reporter.reportStep(Reporter.java:54)
at wrappers.GenericWrappers.takeSnap(GenericWrappers.java:547)
at utils.Reporter.reportStep(Reporter.java:54)
at wrappers.GenericWrappers.takeSnap(GenericWrappers.java:547)
at utils.Reporter.reportStep(Reporter.java:54)
at wrappers.GenericWrappers.takeSnap(GenericWrappers.java:547)
at utils.Reporter.reportStep(Reporter.java:54)
at wrappers.GenericWrappers.takeSnap(GenericWrappers.java:547)
at utils.Reporter.reportStep(Reporter.java:54)
at wrappers.GenericWrappers.takeSnap(GenericWrappers.java:547)
at utils.Reporter.reportStep(Reporter.java:54)
at wrappers.GenericWrappers.takeSnap(GenericWrappers.java:547)
at utils.Reporter.reportStep(Reporter.java:54)
at wrappers.GenericWrappers.takeSnap(GenericWrappers.java:547)
at utils.Reporter.reportStep(Reporter.java:54)
at wrappers.GenericWrappers.takeSnap(GenericWrappers.java:547)
at utils.Reporter.reportStep(Reporter.java:54)
at wrappers.GenericWrappers.takeSnap(GenericWrappers.java:547)
at utils.Reporter.reportStep(Reporter.java:54)
at wrappers.GenericWrappers.takeSnap(GenericWrappers.java:547)
at utils.Reporter.reportStep(Reporter.java:54)
at wrappers.GenericWrappers.takeSnap(GenericWrappers.java:547)
at utils.Reporter.reportStep(Reporter.java:54)
at wrappers.GenericWrappers.takeSnap(GenericWrappers.java:547)
at utils.Reporter.reportStep(Reporter.java:54)
at wrappers.GenericWrappers.takeSnap(GenericWrappers.java:547)
at utils.Reporter.reportStep(Reporter.java:54)
at wrappers.GenericWrappers.takeSnap(GenericWrappers.java:547)
at utils.Reporter.reportStep(Reporter.java:54)
at wrappers.GenericWrappers.takeSnap(GenericWrappers.java:547)
at utils.Reporter.reportStep(Reporter.java:54)
at wrappers.GenericWrappers.takeSnap(GenericWrappers.java:547)
at utils.Reporter.reportStep(Reporter.java:54)
at wrappers.GenericWrappers.takeSnap(GenericWrappers.java:547)
at utils.Reporter.reportStep(Reporter.java:54)
at wrappers.GenericWrappers.takeSnap(GenericWrappers.java:547)
at utils.Reporter.reportStep(Reporter.java:54)
at wrappers.GenericWrappers.takeSnap(GenericWrappers.java:547)
at utils.Reporter.reportStep(Reporter.java:54)
at wrappers.GenericWrappers.takeSnap(GenericWrappers.java:547)
at utils.Reporter.reportStep(Reporter.java:54)
at wrappers.GenericWrappers.takeSnap(GenericWrappers.java:547)
at utils.Reporter.reportStep(Reporter.java:54)
at wrappers.GenericWrappers.takeSnap(GenericWrappers.java:547)
at utils.Reporter.reportStep(Reporter.java:54)
at wrappers.GenericWrappers.takeSnap(GenericWrappers.java:547)
at utils.Reporter.reportStep(Reporter.java:54)
at wrappers.GenericWrappers.takeSnap(GenericWrappers.java:547)
at utils.Reporter.reportStep(Reporter.java:54)
at wrappers.GenericWrappers.takeSnap(GenericWrappers.java:547)
at utils.Reporter.reportStep(Reporter.java:54)
at wrappers.GenericWrappers.takeSnap(GenericWrappers.java:547)
at utils.Reporter.reportStep(Reporter.java:54)
at wrappers.GenericWrappers.takeSnap(GenericWrappers.java:547)
at utils.Reporter.reportStep(Reporter.java:54)
at wrappers.GenericWrappers.takeSnap(GenericWrappers.java:547)
at utils.Reporter.reportStep(Reporter.java:54)
at wrappers.GenericWrappers.takeSnap(GenericWrappers.java:547)
at utils.Reporter.reportStep(Reporter.java:54)
at wrappers.GenericWrappers.takeSnap(GenericWrappers.java:547)
at utils.Reporter.reportStep(Reporter.java:54)
at wrappers.GenericWrappers.takeSnap(GenericWrappers.java:547)
at utils.Reporter.reportStep(Reporter.java:54)
at wrappers.GenericWrappers.takeSnap(GenericWrappers.java:547)
at utils.Reporter.reportStep(Reporter.java:54)
at wrappers.GenericWrappers.takeSnap(GenericWrappers.java:547)
at utils.Reporter.reportStep(Reporter.java:54)
at wrappers.GenericWrappers.takeSnap(GenericWrappers.java:547)
at utils.Reporter.reportStep(Reporter.java:54)
at wrappers.GenericWrappers.takeSnap(GenericWrappers.java:547)
at utils.Reporter.reportStep(Reporter.java:54)
at wrappers.GenericWrappers.takeSnap(GenericWrappers.java:547)
at utils.Reporter.reportStep(Reporter.java:54)
at wrappers.GenericWrappers.takeSnap(GenericWrappers.java:547)
at utils.Reporter.reportStep(Reporter.java:54)
at wrappers.GenericWrappers.takeSnap(GenericWrappers.java:547)
at utils.Reporter.reportStep(Reporter.java:54)
at wrappers.GenericWrappers.takeSnap(GenericWrappers.java:547)
at utils.Reporter.reportStep(Reporter.java:54)
at wrappers.GenericWrappers.takeSnap(GenericWrappers.java:547)
at utils.Reporter.reportStep(Reporter.java:54)
at wrappers.GenericWrappers.takeSnap(GenericWrappers.java:547)
at utils.Reporter.reportStep(Reporter.java:54)
at wrappers.GenericWrappers.takeSnap(GenericWrappers.java:547)
at utils.Reporter.reportStep(Reporter.java:54)
at wrappers.GenericWrappers.takeSnap(GenericWrappers.java:547)
at utils.Reporter.reportStep(Reporter.java:54)
at wrappers.GenericWrappers.takeSnap(GenericWrappers.java:547)
at utils.Reporter.reportStep(Reporter.java:54)
at wrappers.GenericWrappers.takeSnap(GenericWrappers.java:547)
at utils.Reporter.reportStep(Reporter.java:54)
at wrappers.GenericWrappers.takeSnap(GenericWrappers.java:547)
at utils.Reporter.reportStep(Reporter.java:54)
at wrappers.GenericWrappers.takeSnap(GenericWrappers.java:547)
at utils.Reporter.reportStep(Reporter.java:54)
at wrappers.GenericWrappers.takeSnap(GenericWrappers.java:547)
at utils.Reporter.reportStep(Reporter.java:54)
at wrappers.GenericWrappers.takeSnap(GenericWrappers.java:547)
at utils.Reporter.reportStep(Reporter.java:54)
at wrappers.GenericWrappers.takeSnap(GenericWrappers.java:547)
at utils.Reporter.reportStep(Reporter.java:54)
at wrappers.GenericWrappers.takeSnap(GenericWrappers.java:547)
at utils.Reporter.reportStep(Reporter.java:54)
at wrappers.GenericWrappers.takeSnap(GenericWrappers.java:547)
at utils.Reporter.reportStep(Reporter.java:54)
at wrappers.GenericWrappers.takeSnap(GenericWrappers.java:547)
at utils.Reporter.reportStep(Reporter.java:54)
at wrappers.GenericWrappers.takeSnap(GenericWrappers.java:547)
at utils.Reporter.reportStep(Reporter.java:54)
at wrappers.GenericWrappers.takeSnap(GenericWrappers.java:547)
at utils.Reporter.reportStep(Reporter.java:54)
at wrappers.GenericWrappers.takeSnap(GenericWrappers.java:547)
at utils.Reporter.reportStep(Reporter.java:54)
at wrappers.GenericWrappers.takeSnap(GenericWrappers.java:547)
at utils.Reporter.reportStep(Reporter.java:54)
at wrappers.GenericWrappers.takeSnap(GenericWrappers.java:547)
at utils.Reporter.reportStep(Reporter.java:54)
at wrappers.GenericWrappers.takeSnap(GenericWrappers.java:547)
at utils.Reporter.reportStep(Reporter.java:54)
at wrappers.GenericWrappers.takeSnap(GenericWrappers.java:547)
at utils.Reporter.reportStep(Reporter.java:54)
at wrappers.GenericWrappers.takeSnap(GenericWrappers.java:547)
at utils.Reporter.reportStep(Reporter.java:54)
at wrappers.GenericWrappers.takeSnap(GenericWrappers.java:547)
at utils.Reporter.reportStep(Reporter.java:54)
at wrappers.GenericWrappers.takeSnap(GenericWrappers.java:547)
at utils.Reporter.reportStep(Reporter.java:54)
at wrappers.GenericWrappers.takeSnap(GenericWrappers.java:547)
at utils.Reporter.reportStep(Reporter.java:54)
at wrappers.GenericWrappers.takeSnap(GenericWrappers.java:547)
at utils.Reporter.reportStep(Reporter.java:54)
at wrappers.GenericWrappers.takeSnap(GenericWrappers.java:547)
at utils.Reporter.reportStep(Reporter.java:54)
at wrappers.GenericWrappers.takeSnap(GenericWrappers.java:547)
at utils.Reporter.reportStep(Reporter.java:54)
at wrappers.GenericWrappers.takeSnap(GenericWrappers.java:547)
at utils.Reporter.reportStep(Reporter.java:54)
at wrappers.GenericWrappers.takeSnap(GenericWrappers.java:547)
at utils.Reporter.reportStep(Reporter.java:54)
at wrappers.GenericWrappers.takeSnap(GenericWrappers.java:547)
at utils.Reporter.reportStep(Reporter.java:54)
at wrappers.GenericWrappers.takeSnap(GenericWrappers.java:547)
at utils.Reporter.reportStep(Reporter.java:54)
at wrappers.GenericWrappers.takeSnap(GenericWrappers.java:547)
at utils.Reporter.reportStep(Reporter.java:54)
at wrappers.GenericWrappers.takeSnap(GenericWrappers.java:547)
at utils.Reporter.reportStep(Reporter.java:54)
at wrappers.GenericWrappers.takeSnap(GenericWrappers.java:547)
at utils.Reporter.reportStep(Reporter.java:54)
at wrappers.GenericWrappers.takeSnap(GenericWrappers.java:547)
at utils.Reporter.reportStep(Reporter.java:54)
at wrappers.GenericWrappers.takeSnap(GenericWrappers.java:547)
at utils.Reporter.reportStep(Reporter.java:54)
at wrappers.GenericWrappers.takeSnap(GenericWrappers.java:547)
at utils.Reporter.reportStep(Reporter.java:54)
at wrappers.GenericWrappers.takeSnap(GenericWrappers.java:547)
at utils.Reporter.reportStep(Reporter.java:54)
at wrappers.GenericWrappers.takeSnap(GenericWrappers.java:547)
at utils.Reporter.reportStep(Reporter.java:54)
at wrappers.GenericWrappers.takeSnap(GenericWrappers.java:547)
at utils.Reporter.reportStep(Reporter.java:54)
at wrappers.GenericWrappers.takeSnap(GenericWrappers.java:547)
at utils.Reporter.reportStep(Reporter.java:54)
at wrappers.GenericWrappers.takeSnap(GenericWrappers.java:547)
at utils.Reporter.reportStep(Reporter.java:54)
at wrappers.GenericWrappers.takeSnap(GenericWrappers.java:547)
at utils.Reporter.reportStep(Reporter.java:54)
at wrappers.GenericWrappers.takeSnap(GenericWrappers.java:547)
at utils.Reporter.reportStep(Reporter.java:54)
at wrappers.GenericWrappers.takeSnap(GenericWrappers.java:547)
at utils.Reporter.reportStep(Reporter.java:54)
at wrappers.GenericWrappers.takeSnap(GenericWrappers.java:547)
at utils.Reporter.reportStep(Reporter.java:54)
at wrappers.GenericWrappers.takeSnap(GenericWrappers.java:547)
at utils.Reporter.reportStep(Reporter.java:54)
at wrappers.GenericWrappers.takeSnap(GenericWrappers.java:547)
at utils.Reporter.reportStep(Reporter.java:54)
at wrappers.GenericWrappers.takeSnap(GenericWrappers.java:547)
at utils.Reporter.reportStep(Reporter.java:54)
at wrappers.GenericWrappers.takeSnap(GenericWrappers.java:547)
at utils.Reporter.reportStep(Reporter.java:54)
at wrappers.GenericWrappers.takeSnap(GenericWrappers.java:547)
at utils.Reporter.reportStep(Reporter.java:54)
at wrappers.GenericWrappers.takeSnap(GenericWrappers.java:547)
at utils.Reporter.reportStep(Reporter.java:54)
at wrappers.GenericWrappers.takeSnap(GenericWrappers.java:547)
at utils.Reporter.reportStep(Reporter.java:54)
at wrappers.GenericWrappers.takeSnap(GenericWrappers.java:547)
at utils.Reporter.reportStep(Reporter.java:54)
at wrappers.GenericWrappers.takeSnap(GenericWrappers.java:547)
at utils.Reporter.reportStep(Reporter.java:54)
at wrappers.GenericWrappers.takeSnap(GenericWrappers.java:547)
at utils.Reporter.reportStep(Reporter.java:54)
at wrappers.GenericWrappers.takeSnap(GenericWrappers.java:547)
at utils.Reporter.reportStep(Reporter.java:54)
at wrappers.GenericWrappers.takeSnap(GenericWrappers.java:547)
at utils.Reporter.reportStep(Reporter.java:54)
at wrappers.GenericWrappers.takeSnap(GenericWrappers.java:547)
at utils.Reporter.reportStep(Reporter.java:54)
at wrappers.GenericWrappers.takeSnap(GenericWrappers.java:547)
at utils.Reporter.reportStep(Reporter.java:54)
at wrappers.GenericWrappers.takeSnap(GenericWrappers.java:547)
at utils.Reporter.reportStep(Reporter.java:54)
at wrappers.GenericWrappers.takeSnap(GenericWrappers.java:547)
at utils.Reporter.reportStep(Reporter.java:54)
at wrappers.GenericWrappers.takeSnap(GenericWrappers.java:547)
at utils.Reporter.reportStep(Reporter.java:54)
at wrappers.GenericWrappers.takeSnap(GenericWrappers.java:547)
at utils.Reporter.reportStep(Reporter.java:54)
at wrappers.GenericWrappers.takeSnap(GenericWrappers.java:547)
at utils.Reporter.reportStep(Reporter.java:54)
at wrappers.GenericWrappers.takeSnap(GenericWrappers.java:547)
at utils.Reporter.reportStep(Reporter.java:54)
at wrappers.GenericWrappers.takeSnap(GenericWrappers.java:547)
at utils.Reporter.reportStep(Reporter.java:54)
at wrappers.GenericWrappers.takeSnap(GenericWrappers.java:547)
at utils.Reporter.reportStep(Reporter.java:54)
at wrappers.GenericWrappers.takeSnap(GenericWrappers.java:547)
at utils.Reporter.reportStep(Reporter.java:54)
at wrappers.GenericWrappers.takeSnap(GenericWrappers.java:547)
at utils.Reporter.reportStep(Reporter.java:54)
at wrappers.GenericWrappers.takeSnap(GenericWrappers.java:547)
at utils.Reporter.reportStep(Reporter.java:54)
at wrappers.GenericWrappers.takeSnap(GenericWrappers.java:547)
at utils.Reporter.reportStep(Reporter.java:54)
at wrappers.GenericWrappers.takeSnap(GenericWrappers.java:547)
at utils.Reporter.reportStep(Reporter.java:54)
at wrappers.GenericWrappers.takeSnap(GenericWrappers.java:547)
at utils.Reporter.reportStep(Reporter.java:54)
at wrappers.GenericWrappers.takeSnap(GenericWrappers.java:547)
at utils.Reporter.reportStep(Reporter.java:54)
at wrappers.GenericWrappers.takeSnap(GenericWrappers.java:547)
at utils.Reporter.reportStep(Reporter.java:54)
at wrappers.GenericWrappers.takeSnap(GenericWrappers.java:547)
at utils.Reporter.reportStep(Reporter.java:54)
at wrappers.GenericWrappers.takeSnap(GenericWrappers.java:547)
at utils.Reporter.reportStep(Reporter.java:54)
at wrappers.GenericWrappers.takeSnap(GenericWrappers.java:547)
at utils.Reporter.reportStep(Reporter.java:54)
at wrappers.GenericWrappers.takeSnap(GenericWrappers.java:547)
at utils.Reporter.reportStep(Reporter.java:54)
at wrappers.GenericWrappers.takeSnap(GenericWrappers.java:547)
at utils.Reporter.reportStep(Reporter.java:54)
at wrappers.GenericWrappers.takeSnap(GenericWrappers.java:547)
at utils.Reporter.reportStep(Reporter.java:54)
at wrappers.GenericWrappers.takeSnap(GenericWrappers.java:547)
at utils.Reporter.reportStep(Reporter.java:54)
at wrappers.GenericWrappers.takeSnap(GenericWrappers.java:547)
at utils.Reporter.reportStep(Reporter.java:54)
at wrappers.GenericWrappers.takeSnap(GenericWrappers.java:547)
at utils.Reporter.reportStep(Reporter.java:54)
at wrappers.GenericWrappers.takeSnap(GenericWrappers.java:547)
at utils.Reporter.reportStep(Reporter.java:54)
at wrappers.GenericWrappers.takeSnap(GenericWrappers.java:547)
at utils.Reporter.reportStep(Reporter.java:54)
at wrappers.GenericWrappers.takeSnap(GenericWrappers.java:547)
at utils.Reporter.reportStep(Reporter.java:54)
at wrappers.GenericWrappers.takeSnap(GenericWrappers.java:547)
at utils.Reporter.reportStep(Reporter.java:54)
at wrappers.GenericWrappers.takeSnap(GenericWrappers.java:547)
at utils.Reporter.reportStep(Reporter.java:54)
at wrappers.GenericWrappers.takeSnap(GenericWrappers.java:547)
at utils.Reporter.reportStep(Reporter.java:54)
at wrappers.GenericWrappers.takeSnap(GenericWrappers.java:547)
at utils.Reporter.reportStep(Reporter.java:54)
at wrappers.GenericWrappers.takeSnap(GenericWrappers.java:547)
at utils.Reporter.reportStep(Reporter.java:54)
at wrappers.GenericWrappers.takeSnap(GenericWrappers.java:547)
at utils.Reporter.reportStep(Reporter.java:54)
at wrappers.GenericWrappers.takeSnap(GenericWrappers.java:547)
at utils.Reporter.reportStep(Reporter.java:54)
at wrappers.GenericWrappers.takeSnap(GenericWrappers.java:547)
at utils.Reporter.reportStep(Reporter.java:54)
at wrappers.GenericWrappers.takeSnap(GenericWrappers.java:547)
at utils.Reporter.reportStep(Reporter.java:54)
at wrappers.GenericWrappers.takeSnap(GenericWrappers.java:547)
at utils.Reporter.reportStep(Reporter.java:54)
at wrappers.GenericWrappers.takeSnap(GenericWrappers.java:547)
at utils.Reporter.reportStep(Reporter.java:54)
at wrappers.GenericWrappers.takeSnap(GenericWrappers.java:547)
at utils.Reporter.reportStep(Reporter.java:54)
at wrappers.GenericWrappers.takeSnap(GenericWrappers.java:547)
at utils.Reporter.reportStep(Reporter.java:54)
at wrappers.GenericWrappers.takeSnap(GenericWrappers.java:547)
at utils.Reporter.reportStep(Reporter.java:54)
at wrappers.GenericWrappers.takeSnap(GenericWrappers.java:547)
at utils.Reporter.reportStep(Reporter.java:54)
at wrappers.GenericWrappers.takeSnap(GenericWrappers.java:547)
at utils.Reporter.reportStep(Reporter.java:54)
at wrappers.GenericWrappers.takeSnap(GenericWrappers.java:547)
at utils.Reporter.reportStep(Reporter.java:54)
at wrappers.GenericWrappers.takeSnap(GenericWrappers.java:547)
at utils.Reporter.reportStep(Reporter.java:54)
at wrappers.GenericWrappers.takeSnap(GenericWrappers.java:547)
at utils.Reporter.reportStep(Reporter.java:54)
at wrappers.GenericWrappers.takeSnap(GenericWrappers.java:547)
at utils.Reporter.reportStep(Reporter.java:54)
at wrappers.GenericWrappers.takeSnap(GenericWrappers.java:547)
at utils.Reporter.reportStep(Reporter.java:54)
at wrappers.GenericWrappers.takeSnap(GenericWrappers.java:547)
at utils.Reporter.reportStep(Reporter.java:54)
at wrappers.GenericWrappers.takeSnap(GenericWrappers.java:547)
at utils.Reporter.reportStep(Reporter.java:54)
at wrappers.GenericWrappers.takeSnap(GenericWrappers.java:547)
at utils.Reporter.reportStep(Reporter.java:54)
at wrappers.GenericWrappers.takeSnap(GenericWrappers.java:547)
at utils.Reporter.reportStep(Reporter.java:54)
at wrappers.GenericWrappers.takeSnap(GenericWrappers.java:547)
at utils.Reporter.reportStep(Reporter.java:54)
at wrappers.GenericWrappers.takeSnap(GenericWrappers.java:547)
at utils.Reporter.reportStep(Reporter.java:54)
at wrappers.GenericWrappers.takeSnap(GenericWrappers.java:547)
at utils.Reporter.reportStep(Reporter.java:54)
at wrappers.GenericWrappers.takeSnap(GenericWrappers.java:547)
at utils.Reporter.reportStep(Reporter.java:54)
at wrappers.GenericWrappers.takeSnap(GenericWrappers.java:547)
at utils.Reporter.reportStep(Reporter.java:54)
at wrappers.GenericWrappers.takeSnap(GenericWrappers.java:547)
at utils.Reporter.reportStep(Reporter.java:54)
]]>
    </error>
  </testcase> <!-- afterMethod -->
  <system-out/>
</testsuite> <!-- testcases.TestCase2 -->
